Watching for file changes with StatReloader
Not Found: /
"GET / HTTP/1.1" 404 2510
Not Found: /favicon.ico
"GET /favicon.ico HTTP/1.1" 404 2561
Not Found: /favicon.ico
"GET /favicon.ico HTTP/1.1" 404 2561
Not Found: /api/docs
"GET /api/docs HTTP/1.1" 404 2770
Not Found: /favicon.ico
"GET /favicon.ico HTTP/1.1" 404 2561
Not Found: /favicon.ico
"GET /favicon.ico HTTP/1.1" 404 2561
Not Found: /api/docs
"GET /api/docs HTTP/1.1" 404 2770
Not Found: /favicon.ico
"GET /favicon.ico HTTP/1.1" 404 2561
Not Found: /docs
"GET /docs HTTP/1.1" 404 2540
Not Found: /favicon.ico
"GET /favicon.ico HTTP/1.1" 404 2561
Not Found: /api/docs
"GET /api/docs HTTP/1.1" 404 2770
Not Found: /favicon.ico
"GET /favicon.ico HTTP/1.1" 404 2561
"GET /admin/ HTTP/1.1" 302 0
"GET /admin/login/?next=/admin/ HTTP/1.1" 200 4181
Not Found: /favicon.ico
"GET /favicon.ico HTTP/1.1" 404 2561
"GET /static/admin/css/base.css HTTP/1.1" 200 21207
"GET /static/admin/css/dark_mode.css HTTP/1.1" 200 2929
"GET /static/admin/css/nav_sidebar.css HTTP/1.1" 200 2694
"GET /static/admin/css/responsive.css HTTP/1.1" 200 18533
"GET /static/admin/css/login.css HTTP/1.1" 200 958
"GET /static/admin/js/nav_sidebar.js HTTP/1.1" 200 3063
"GET /static/admin/js/theme.js HTTP/1.1" 200 1943
Not Found: /
"GET / HTTP/1.1" 404 2510
Not Found: /favicon.ico
"GET /favicon.ico HTTP/1.1" 404 2561
"GET /api/ HTTP/1.1" 200 595
Not Found: /favicon.ico
"GET /favicon.ico HTTP/1.1" 404 2561
Not Found: /docs/
"GET /docs/ HTTP/1.1" 404 2543
Not Found: /favicon.ico
"GET /favicon.ico HTTP/1.1" 404 2561
Not Found: /users/
"GET /users/ HTTP/1.1" 404 3398
Not Found: /favicon.ico
"GET /favicon.ico HTTP/1.1" 404 2561
Watching for file changes with StatReloader
"GET /admin/ HTTP/1.1" 302 0
"GET /admin/login/?next=/admin/ HTTP/1.1" 200 4181
"GET /static/admin/css/base.css HTTP/1.1" 200 21207
"GET /static/admin/css/nav_sidebar.css HTTP/1.1" 200 2694
"GET /static/admin/css/dark_mode.css HTTP/1.1" 200 2929
"GET /static/admin/js/theme.js HTTP/1.1" 200 1943
"GET /static/admin/js/nav_sidebar.js HTTP/1.1" 200 3063
"GET /static/admin/css/responsive.css HTTP/1.1" 200 18533
"GET /static/admin/css/login.css HTTP/1.1" 200 958
Not Found: /favicon.ico
"GET /favicon.ico HTTP/1.1" 404 2561
"POST /admin/login/?next=/admin/ HTTP/1.1" 302 0
"GET /admin/ HTTP/1.1" 200 6240
Not Found: /favicon.ico
"GET /favicon.ico HTTP/1.1" 404 2561
"GET /static/admin/css/dashboard.css HTTP/1.1" 200 441
"GET /static/admin/img/icon-changelink.svg HTTP/1.1" 200 380
"GET /static/admin/img/icon-addlink.svg HTTP/1.1" 200 331
"GET /admin/auth/user/ HTTP/1.1" 200 11034
Not Found: /favicon.ico
"GET /favicon.ico HTTP/1.1" 404 2561
"GET /static/admin/css/changelists.css HTTP/1.1" 200 6566
"GET /static/admin/js/jquery.init.js HTTP/1.1" 200 347
"GET /static/admin/js/core.js HTTP/1.1" 200 5682
"GET /static/admin/js/actions.js HTTP/1.1" 200 7872
"GET /static/admin/js/admin/RelatedObjectLookups.js HTTP/1.1" 200 8943
"GET /static/admin/js/urlify.js HTTP/1.1" 200 7887
"GET /static/admin/js/prepopulate.js HTTP/1.1" 200 1531
"GET /static/admin/js/vendor/jquery/jquery.js HTTP/1.1" 200 292458
"GET /static/admin/img/search.svg HTTP/1.1" 200 458
"GET /static/admin/img/icon-yes.svg HTTP/1.1" 200 436
"GET /static/admin/js/vendor/xregexp/xregexp.js HTTP/1.1" 200 232381
"GET /static/admin/js/filters.js HTTP/1.1" 200 978
"GET /admin/jsi18n/ HTTP/1.1" 200 3343
"GET /static/admin/img/tooltag-add.svg HTTP/1.1" 200 331
"GET /static/admin/img/sorting-icons.svg HTTP/1.1" 200 1097
Internal Server Error: /admin/users/profile/
Traceback (most recent call last):
  File "c:\Users\aliba\Documents\Hesabu\pefoma_backend\.venv\Lib\site-packages\django\db\backends\utils.py", line 89, in _execute
    return self.cursor.execute(sql, params)
           ^^^^^^^^^^^^^^^^^^^^^^^^^^^^^^^^
psycopg2.errors.UndefinedColumn: column profiles.user_timezone does not exist
LINE 1: ..._url", "profiles"."theme", "profiles"."language", "profiles"...
                                                             ^


The above exception was the direct cause of the following exception:

Traceback (most recent call last):
  File "c:\Users\aliba\Documents\Hesabu\pefoma_backend\.venv\Lib\site-packages\django\core\handlers\exception.py", line 55, in inner
    response = get_response(request)
               ^^^^^^^^^^^^^^^^^^^^^
  File "c:\Users\aliba\Documents\Hesabu\pefoma_backend\.venv\Lib\site-packages\django\core\handlers\base.py", line 197, in _get_response
    response = wrapped_callback(request, *callback_args, **callback_kwargs)
               ^^^^^^^^^^^^^^^^^^^^^^^^^^^^^^^^^^^^^^^^^^^^^^^^^^^^^^^^^^^^
  File "c:\Users\aliba\Documents\Hesabu\pefoma_backend\.venv\Lib\site-packages\django\contrib\admin\options.py", line 688, in wrapper
    return self.admin_site.admin_view(view)(*args, **kwargs)
           ^^^^^^^^^^^^^^^^^^^^^^^^^^^^^^^^^^^^^^^^^^^^^^^^^
  File "c:\Users\aliba\Documents\Hesabu\pefoma_backend\.venv\Lib\site-packages\django\utils\decorators.py", line 134, in _wrapper_view
    response = view_func(request, *args, **kwargs)
               ^^^^^^^^^^^^^^^^^^^^^^^^^^^^^^^^^^^
  File "c:\Users\aliba\Documents\Hesabu\pefoma_backend\.venv\Lib\site-packages\django\views\decorators\cache.py", line 62, in _wrapper_view_func
    response = view_func(request, *args, **kwargs)
               ^^^^^^^^^^^^^^^^^^^^^^^^^^^^^^^^^^^
  File "c:\Users\aliba\Documents\Hesabu\pefoma_backend\.venv\Lib\site-packages\django\contrib\admin\sites.py", line 242, in inner
    return view(request, *args, **kwargs)
           ^^^^^^^^^^^^^^^^^^^^^^^^^^^^^^
  File "c:\Users\aliba\Documents\Hesabu\pefoma_backend\.venv\Lib\site-packages\django\utils\decorators.py", line 46, in _wrapper
    return bound_method(*args, **kwargs)
           ^^^^^^^^^^^^^^^^^^^^^^^^^^^^^
  File "c:\Users\aliba\Documents\Hesabu\pefoma_backend\.venv\Lib\site-packages\django\utils\decorators.py", line 134, in _wrapper_view
    response = view_func(request, *args, **kwargs)
               ^^^^^^^^^^^^^^^^^^^^^^^^^^^^^^^^^^^
  File "c:\Users\aliba\Documents\Hesabu\pefoma_backend\.venv\Lib\site-packages\django\contrib\admin\options.py", line 2065, in changelist_view
    "selection_note": _("0 of %(cnt)s selected") % {"cnt": len(cl.result_list)},
                                                           ^^^^^^^^^^^^^^^^^^^
  File "c:\Users\aliba\Documents\Hesabu\pefoma_backend\.venv\Lib\site-packages\django\db\models\query.py", line 380, in __len__
    self._fetch_all()
  File "c:\Users\aliba\Documents\Hesabu\pefoma_backend\.venv\Lib\site-packages\django\db\models\query.py", line 1881, in _fetch_all
    self._result_cache = list(self._iterable_class(self))
                         ^^^^^^^^^^^^^^^^^^^^^^^^^^^^^^^^
  File "c:\Users\aliba\Documents\Hesabu\pefoma_backend\.venv\Lib\site-packages\django\db\models\query.py", line 91, in __iter__
    results = compiler.execute_sql(
              ^^^^^^^^^^^^^^^^^^^^^
  File "c:\Users\aliba\Documents\Hesabu\pefoma_backend\.venv\Lib\site-packages\django\db\models\sql\compiler.py", line 1562, in execute_sql
    cursor.execute(sql, params)
  File "c:\Users\aliba\Documents\Hesabu\pefoma_backend\.venv\Lib\site-packages\django\db\backends\utils.py", line 102, in execute
    return super().execute(sql, params)
           ^^^^^^^^^^^^^^^^^^^^^^^^^^^^
  File "c:\Users\aliba\Documents\Hesabu\pefoma_backend\.venv\Lib\site-packages\django\db\backends\utils.py", line 67, in execute
    return self._execute_with_wrappers(
           ^^^^^^^^^^^^^^^^^^^^^^^^^^^^
  File "c:\Users\aliba\Documents\Hesabu\pefoma_backend\.venv\Lib\site-packages\django\db\backends\utils.py", line 80, in _execute_with_wrappers
    return executor(sql, params, many, context)
           ^^^^^^^^^^^^^^^^^^^^^^^^^^^^^^^^^^^^
  File "c:\Users\aliba\Documents\Hesabu\pefoma_backend\.venv\Lib\site-packages\django\db\backends\utils.py", line 84, in _execute
    with self.db.wrap_database_errors:
  File "c:\Users\aliba\Documents\Hesabu\pefoma_backend\.venv\Lib\site-packages\django\db\utils.py", line 91, in __exit__
    raise dj_exc_value.with_traceback(traceback) from exc_value
  File "c:\Users\aliba\Documents\Hesabu\pefoma_backend\.venv\Lib\site-packages\django\db\backends\utils.py", line 89, in _execute
    return self.cursor.execute(sql, params)
           ^^^^^^^^^^^^^^^^^^^^^^^^^^^^^^^^
django.db.utils.ProgrammingError: column profiles.user_timezone does not exist
LINE 1: ..._url", "profiles"."theme", "profiles"."language", "profiles"...
                                                             ^

"GET /admin/users/profile/ HTTP/1.1" 500 167827
Not Found: /favicon.ico
"GET /favicon.ico HTTP/1.1" 404 2561
C:\Users\aliba\Documents\Hesabu\pefoma_backend\users\models.py changed, reloading.
Watching for file changes with StatReloader
C:\Users\aliba\Documents\Hesabu\pefoma_backend\users\models.py changed, reloading.
Watching for file changes with StatReloader
C:\Users\aliba\Documents\Hesabu\pefoma_backend\users\models.py changed, reloading.
Watching for file changes with StatReloader
Internal Server Error: /admin/users/profile/
Traceback (most recent call last):
  File "c:\Users\aliba\Documents\Hesabu\pefoma_backend\.venv\Lib\site-packages\django\contrib\sessions\backends\base.py", line 187, in _get_session
    return self._session_cache
           ^^^^^^^^^^^^^^^^^^^
AttributeError: 'SessionStore' object has no attribute '_session_cache'

During handling of the above exception, another exception occurred:

Traceback (most recent call last):
  File "c:\Users\aliba\Documents\Hesabu\pefoma_backend\.venv\Lib\site-packages\django\db\backends\base\base.py", line 289, in ensure_connection
    self.connect()
  File "c:\Users\aliba\Documents\Hesabu\pefoma_backend\.venv\Lib\site-packages\django\utils\asyncio.py", line 26, in inner
    return func(*args, **kwargs)
           ^^^^^^^^^^^^^^^^^^^^^
  File "c:\Users\aliba\Documents\Hesabu\pefoma_backend\.venv\Lib\site-packages\django\db\backends\base\base.py", line 270, in connect
    self.connection = self.get_new_connection(conn_params)
                      ^^^^^^^^^^^^^^^^^^^^^^^^^^^^^^^^^^^^
  File "c:\Users\aliba\Documents\Hesabu\pefoma_backend\.venv\Lib\site-packages\django\utils\asyncio.py", line 26, in inner
    return func(*args, **kwargs)
           ^^^^^^^^^^^^^^^^^^^^^
  File "c:\Users\aliba\Documents\Hesabu\pefoma_backend\.venv\Lib\site-packages\django\db\backends\postgresql\base.py", line 275, in get_new_connection
    connection = self.Database.connect(**conn_params)
                 ^^^^^^^^^^^^^^^^^^^^^^^^^^^^^^^^^^^^
  File "c:\Users\aliba\Documents\Hesabu\pefoma_backend\.venv\Lib\site-packages\psycopg2\__init__.py", line 122, in connect
    conn = _connect(dsn, connection_factory=connection_factory, **kwasync)
           ^^^^^^^^^^^^^^^^^^^^^^^^^^^^^^^^^^^^^^^^^^^^^^^^^^^^^^^^^^^^^^^
psycopg2.OperationalError: connection to server at "aws-1-eu-north-1.pooler.supabase.com" (51.21.18.29), port 5432 failed: Connection timed out (0x0000274C/10060)
	Is the server running on that host and accepting TCP/IP connections?
connection to server at "aws-1-eu-north-1.pooler.supabase.com" (13.60.102.132), port 5432 failed: Connection timed out (0x0000274C/10060)
	Is the server running on that host and accepting TCP/IP connections?


The above exception was the direct cause of the following exception:

Traceback (most recent call last):
  File "c:\Users\aliba\Documents\Hesabu\pefoma_backend\.venv\Lib\site-packages\django\core\handlers\exception.py", line 55, in inner
    response = get_response(request)
               ^^^^^^^^^^^^^^^^^^^^^
  File "c:\Users\aliba\Documents\Hesabu\pefoma_backend\.venv\Lib\site-packages\django\core\handlers\base.py", line 197, in _get_response
    response = wrapped_callback(request, *callback_args, **callback_kwargs)
               ^^^^^^^^^^^^^^^^^^^^^^^^^^^^^^^^^^^^^^^^^^^^^^^^^^^^^^^^^^^^
  File "c:\Users\aliba\Documents\Hesabu\pefoma_backend\.venv\Lib\site-packages\django\contrib\admin\options.py", line 688, in wrapper
    return self.admin_site.admin_view(view)(*args, **kwargs)
           ^^^^^^^^^^^^^^^^^^^^^^^^^^^^^^^^^^^^^^^^^^^^^^^^^
  File "c:\Users\aliba\Documents\Hesabu\pefoma_backend\.venv\Lib\site-packages\django\utils\decorators.py", line 134, in _wrapper_view
    response = view_func(request, *args, **kwargs)
               ^^^^^^^^^^^^^^^^^^^^^^^^^^^^^^^^^^^
  File "c:\Users\aliba\Documents\Hesabu\pefoma_backend\.venv\Lib\site-packages\django\views\decorators\cache.py", line 62, in _wrapper_view_func
    response = view_func(request, *args, **kwargs)
               ^^^^^^^^^^^^^^^^^^^^^^^^^^^^^^^^^^^
  File "c:\Users\aliba\Documents\Hesabu\pefoma_backend\.venv\Lib\site-packages\django\contrib\admin\sites.py", line 230, in inner
    if not self.has_permission(request):
           ^^^^^^^^^^^^^^^^^^^^^^^^^^^^
  File "c:\Users\aliba\Documents\Hesabu\pefoma_backend\.venv\Lib\site-packages\django\contrib\admin\sites.py", line 203, in has_permission
    return request.user.is_active and request.user.is_staff
           ^^^^^^^^^^^^^^^^^^^^^^
  File "c:\Users\aliba\Documents\Hesabu\pefoma_backend\.venv\Lib\site-packages\django\utils\functional.py", line 266, in inner
    self._setup()
  File "c:\Users\aliba\Documents\Hesabu\pefoma_backend\.venv\Lib\site-packages\django\utils\functional.py", line 419, in _setup
    self._wrapped = self._setupfunc()
                    ^^^^^^^^^^^^^^^^^
  File "c:\Users\aliba\Documents\Hesabu\pefoma_backend\.venv\Lib\site-packages\django\contrib\auth\middleware.py", line 25, in <lambda>
    request.user = SimpleLazyObject(lambda: get_user(request))
                                            ^^^^^^^^^^^^^^^^^
  File "c:\Users\aliba\Documents\Hesabu\pefoma_backend\.venv\Lib\site-packages\django\contrib\auth\middleware.py", line 11, in get_user
    request._cached_user = auth.get_user(request)
                           ^^^^^^^^^^^^^^^^^^^^^^
  File "c:\Users\aliba\Documents\Hesabu\pefoma_backend\.venv\Lib\site-packages\django\contrib\auth\__init__.py", line 191, in get_user
    user_id = _get_user_session_key(request)
              ^^^^^^^^^^^^^^^^^^^^^^^^^^^^^^
  File "c:\Users\aliba\Documents\Hesabu\pefoma_backend\.venv\Lib\site-packages\django\contrib\auth\__init__.py", line 60, in _get_user_session_key
    return get_user_model()._meta.pk.to_python(request.session[SESSION_KEY])
                                               ~~~~~~~~~~~~~~~^^^^^^^^^^^^^
  File "c:\Users\aliba\Documents\Hesabu\pefoma_backend\.venv\Lib\site-packages\django\contrib\sessions\backends\base.py", line 53, in __getitem__
    return self._session[key]
           ^^^^^^^^^^^^^
  File "c:\Users\aliba\Documents\Hesabu\pefoma_backend\.venv\Lib\site-packages\django\contrib\sessions\backends\base.py", line 192, in _get_session
    self._session_cache = self.load()
                          ^^^^^^^^^^^
  File "c:\Users\aliba\Documents\Hesabu\pefoma_backend\.venv\Lib\site-packages\django\contrib\sessions\backends\db.py", line 42, in load
    s = self._get_session_from_db()
        ^^^^^^^^^^^^^^^^^^^^^^^^^^^
  File "c:\Users\aliba\Documents\Hesabu\pefoma_backend\.venv\Lib\site-packages\django\contrib\sessions\backends\db.py", line 32, in _get_session_from_db
    return self.model.objects.get(
           ^^^^^^^^^^^^^^^^^^^^^^^
  File "c:\Users\aliba\Documents\Hesabu\pefoma_backend\.venv\Lib\site-packages\django\db\models\manager.py", line 87, in manager_method
    return getattr(self.get_queryset(), name)(*args, **kwargs)
           ^^^^^^^^^^^^^^^^^^^^^^^^^^^^^^^^^^^^^^^^^^^^^^^^^^^
  File "c:\Users\aliba\Documents\Hesabu\pefoma_backend\.venv\Lib\site-packages\django\db\models\query.py", line 633, in get
    num = len(clone)
          ^^^^^^^^^^
  File "c:\Users\aliba\Documents\Hesabu\pefoma_backend\.venv\Lib\site-packages\django\db\models\query.py", line 380, in __len__
    self._fetch_all()
  File "c:\Users\aliba\Documents\Hesabu\pefoma_backend\.venv\Lib\site-packages\django\db\models\query.py", line 1881, in _fetch_all
    self._result_cache = list(self._iterable_class(self))
                         ^^^^^^^^^^^^^^^^^^^^^^^^^^^^^^^^
  File "c:\Users\aliba\Documents\Hesabu\pefoma_backend\.venv\Lib\site-packages\django\db\models\query.py", line 91, in __iter__
    results = compiler.execute_sql(
              ^^^^^^^^^^^^^^^^^^^^^
  File "c:\Users\aliba\Documents\Hesabu\pefoma_backend\.venv\Lib\site-packages\django\db\models\sql\compiler.py", line 1560, in execute_sql
    cursor = self.connection.cursor()
             ^^^^^^^^^^^^^^^^^^^^^^^^
  File "c:\Users\aliba\Documents\Hesabu\pefoma_backend\.venv\Lib\site-packages\django\utils\asyncio.py", line 26, in inner
    return func(*args, **kwargs)
           ^^^^^^^^^^^^^^^^^^^^^
  File "c:\Users\aliba\Documents\Hesabu\pefoma_backend\.venv\Lib\site-packages\django\db\backends\base\base.py", line 330, in cursor
    return self._cursor()
           ^^^^^^^^^^^^^^
  File "c:\Users\aliba\Documents\Hesabu\pefoma_backend\.venv\Lib\site-packages\django\db\backends\base\base.py", line 306, in _cursor
    self.ensure_connection()
  File "c:\Users\aliba\Documents\Hesabu\pefoma_backend\.venv\Lib\site-packages\django\utils\asyncio.py", line 26, in inner
    return func(*args, **kwargs)
           ^^^^^^^^^^^^^^^^^^^^^
  File "c:\Users\aliba\Documents\Hesabu\pefoma_backend\.venv\Lib\site-packages\django\db\backends\base\base.py", line 288, in ensure_connection
    with self.wrap_database_errors:
  File "c:\Users\aliba\Documents\Hesabu\pefoma_backend\.venv\Lib\site-packages\django\db\utils.py", line 91, in __exit__
    raise dj_exc_value.with_traceback(traceback) from exc_value
  File "c:\Users\aliba\Documents\Hesabu\pefoma_backend\.venv\Lib\site-packages\django\db\backends\base\base.py", line 289, in ensure_connection
    self.connect()
  File "c:\Users\aliba\Documents\Hesabu\pefoma_backend\.venv\Lib\site-packages\django\utils\asyncio.py", line 26, in inner
    return func(*args, **kwargs)
           ^^^^^^^^^^^^^^^^^^^^^
  File "c:\Users\aliba\Documents\Hesabu\pefoma_backend\.venv\Lib\site-packages\django\db\backends\base\base.py", line 270, in connect
    self.connection = self.get_new_connection(conn_params)
                      ^^^^^^^^^^^^^^^^^^^^^^^^^^^^^^^^^^^^
  File "c:\Users\aliba\Documents\Hesabu\pefoma_backend\.venv\Lib\site-packages\django\utils\asyncio.py", line 26, in inner
    return func(*args, **kwargs)
           ^^^^^^^^^^^^^^^^^^^^^
  File "c:\Users\aliba\Documents\Hesabu\pefoma_backend\.venv\Lib\site-packages\django\db\backends\postgresql\base.py", line 275, in get_new_connection
    connection = self.Database.connect(**conn_params)
                 ^^^^^^^^^^^^^^^^^^^^^^^^^^^^^^^^^^^^
  File "c:\Users\aliba\Documents\Hesabu\pefoma_backend\.venv\Lib\site-packages\psycopg2\__init__.py", line 122, in connect
    conn = _connect(dsn, connection_factory=connection_factory, **kwasync)
           ^^^^^^^^^^^^^^^^^^^^^^^^^^^^^^^^^^^^^^^^^^^^^^^^^^^^^^^^^^^^^^^
django.db.utils.OperationalError: connection to server at "aws-1-eu-north-1.pooler.supabase.com" (51.21.18.29), port 5432 failed: Connection timed out (0x0000274C/10060)
	Is the server running on that host and accepting TCP/IP connections?
connection to server at "aws-1-eu-north-1.pooler.supabase.com" (13.60.102.132), port 5432 failed: Connection timed out (0x0000274C/10060)
	Is the server running on that host and accepting TCP/IP connections?

"GET /admin/users/profile/ HTTP/1.1" 500 246863
Not Found: /favicon.ico
"GET /favicon.ico HTTP/1.1" 404 2561
"GET /admin/ HTTP/1.1" 200 6240
Not Found: /favicon.ico
"GET /favicon.ico HTTP/1.1" 404 2561
"GET /admin/auth/group/ HTTP/1.1" 200 7805
Not Found: /favicon.ico
"GET /favicon.ico HTTP/1.1" 404 2561
"GET /admin/jsi18n/ HTTP/1.1" 200 3343
"GET /admin/auth/group/add/ HTTP/1.1" 200 11301
Not Found: /favicon.ico
"GET /favicon.ico HTTP/1.1" 404 2561
"GET /static/admin/css/forms.css HTTP/1.1" 200 9047
"GET /static/admin/js/SelectBox.js HTTP/1.1" 200 4530
"GET /static/admin/css/widgets.css HTTP/1.1" 200 11900
"GET /static/admin/js/prepopulate_init.js HTTP/1.1" 200 586
"GET /static/admin/js/SelectFilter2.js HTTP/1.1" 200 15292
"GET /static/admin/js/change_form.js HTTP/1.1" 200 606
"GET /admin/jsi18n/ HTTP/1.1" 200 3343
"GET /static/admin/img/icon-unknown-alt.svg HTTP/1.1" 200 655
"GET /static/admin/img/selector-icons.svg HTTP/1.1" 200 3291
"GET /static/admin/img/icon-unknown.svg HTTP/1.1" 200 655
"GET /admin/users/profile/ HTTP/1.1" 200 11783
Not Found: /favicon.ico
"GET /favicon.ico HTTP/1.1" 404 2561
"GET /admin/jsi18n/ HTTP/1.1" 200 3343
"GET /admin/users/profile/add/ HTTP/1.1" 200 24671
Not Found: /favicon.ico
"GET /favicon.ico HTTP/1.1" 404 2561
"GET /static/admin/js/admin/DateTimeShortcuts.js HTTP/1.1" 200 19319
"GET /static/admin/js/calendar.js HTTP/1.1" 200 8466
"GET /admin/jsi18n/ HTTP/1.1" 200 3343
"GET /static/admin/img/icon-clock.svg HTTP/1.1" 200 677
"GET /static/admin/img/icon-calendar.svg HTTP/1.1" 200 1086
"GET /admin/users/profile/ HTTP/1.1" 200 11783
Not Found: /favicon.ico
"GET /favicon.ico HTTP/1.1" 404 2561
"GET /admin/jsi18n/ HTTP/1.1" 200 3343
Watching for file changes with StatReloader
"GET /swagger HTTP/1.1" 301 0
"GET /swagger/ HTTP/1.1" 200 2209
"GET /static/drf-yasg/style.css HTTP/1.1" 200 1047
"GET /static/drf-yasg/swagger-ui-init.js HTTP/1.1" 200 15480
"GET /static/drf-yasg/swagger-ui-dist/swagger-ui.css HTTP/1.1" 200 145206
"GET /static/drf-yasg/insQ.min.js HTTP/1.1" 200 2093
"GET /static/drf-yasg/swagger-ui-dist/swagger-ui-bundle.js HTTP/1.1" 200 1046583
"GET /static/drf-yasg/immutable.min.js HTTP/1.1" 200 56904
"GET /static/drf-yasg/swagger-ui-dist/swagger-ui-standalone-preset.js HTTP/1.1" 200 322863
"GET /swagger/?format=openapi HTTP/1.1" 200 7097
"GET /static/drf-yasg/swagger-ui-dist/favicon-32x32.png HTTP/1.1" 200 628
Not Found: /favicon.ico
"GET /favicon.ico HTTP/1.1" 404 2982
"GET /static/drf-yasg/swagger-ui-dist/favicon-32x32.png HTTP/1.1" 200 628
"GET /static/drf-yasg/swagger-ui-dist/favicon-32x32.png HTTP/1.1" 200 628
"GET /static/drf-yasg/swagger-ui-dist/favicon-32x32.png HTTP/1.1" 200 628
Not Found: /favicon.ico
"GET /favicon.ico HTTP/1.1" 404 2982
Not Found: /favicon.ico
"GET /favicon.ico HTTP/1.1" 404 2982
Unauthorized: /api/v1/test/
"GET /api/v1/test/ HTTP/1.1" 401 58
Unauthorized: /api/v1/test/
"GET /api/v1/test/ HTTP/1.1" 401 58
"GET /api/ HTTP/1.1" 200 595
Service Unavailable: /api/v1/auth/health/
"GET /api/v1/auth/health/ HTTP/1.1" 503 285
Service Unavailable: /api/v1/auth/health/
"GET /api/v1/auth/health/ HTTP/1.1" 503 285
Service Unavailable: /auth/health/
"GET /auth/health/ HTTP/1.1" 503 285
C:\Users\aliba\Documents\Hesabu\pefoma_backend\pefoma_backend\settings.py changed, reloading.
Watching for file changes with StatReloader
Service Unavailable: /auth/health/
"GET /auth/health/ HTTP/1.1" 503 285
Service Unavailable: /auth/health/
"GET /auth/health/ HTTP/1.1" 503 285
Service Unavailable: /auth/health/
"GET /auth/health/ HTTP/1.1" 503 285
"GET /swagger/ HTTP/1.1" 200 2209
"GET /static/drf-yasg/style.css HTTP/1.1" 304 0
"GET /static/drf-yasg/swagger-ui-dist/swagger-ui.css HTTP/1.1" 304 0
"GET /static/drf-yasg/swagger-ui-dist/swagger-ui-bundle.js HTTP/1.1" 304 0
"GET /static/drf-yasg/swagger-ui-dist/swagger-ui-standalone-preset.js HTTP/1.1" 304 0
"GET /static/drf-yasg/immutable.min.js HTTP/1.1" 304 0
"GET /static/drf-yasg/insQ.min.js HTTP/1.1" 304 0
"GET /static/drf-yasg/swagger-ui-init.js HTTP/1.1" 304 0
"GET /swagger/?format=openapi HTTP/1.1" 200 7097
"GET /static/drf-yasg/swagger-ui-dist/favicon-32x32.png HTTP/1.1" 304 0
Not Found: /favicon.ico
Not Found: /favicon.ico
"GET /favicon.ico HTTP/1.1" 404 2982
"GET /favicon.ico HTTP/1.1" 404 2982
Not Found: /favicon.ico
"GET /favicon.ico HTTP/1.1" 404 2982
Service Unavailable: /auth/health/
"GET /auth/health/ HTTP/1.1" 503 285
Watching for file changes with StatReloader
"GET /swagger/ HTTP/1.1" 200 2209
"GET /static/drf-yasg/style.css HTTP/1.1" 304 0
"GET /static/drf-yasg/swagger-ui-dist/swagger-ui.css HTTP/1.1" 304 0
"GET /static/drf-yasg/swagger-ui-dist/swagger-ui-bundle.js HTTP/1.1" 304 0
"GET /static/drf-yasg/swagger-ui-dist/swagger-ui-standalone-preset.js HTTP/1.1" 304 0
"GET /static/drf-yasg/insQ.min.js HTTP/1.1" 304 0
"GET /static/drf-yasg/immutable.min.js HTTP/1.1" 304 0
"GET /static/drf-yasg/swagger-ui-init.js HTTP/1.1" 304 0
"GET /swagger/?format=openapi HTTP/1.1" 200 7097
"GET /static/drf-yasg/swagger-ui-dist/favicon-32x32.png HTTP/1.1" 304 0
Not Found: /favicon.ico
Not Found: /favicon.ico
"GET /favicon.ico HTTP/1.1" 404 2982
"GET /favicon.ico HTTP/1.1" 404 2982
Not Found: /favicon.ico
"GET /favicon.ico HTTP/1.1" 404 2982
Service Unavailable: /auth/health/
"GET /auth/health/ HTTP/1.1" 503 285
Watching for file changes with StatReloader
"GET /swagger/ HTTP/1.1" 200 2209
"GET /static/drf-yasg/style.css HTTP/1.1" 304 0
"GET /static/drf-yasg/swagger-ui-dist/swagger-ui.css HTTP/1.1" 304 0
"GET /static/drf-yasg/swagger-ui-dist/swagger-ui-bundle.js HTTP/1.1" 304 0
"GET /static/drf-yasg/swagger-ui-dist/swagger-ui-standalone-preset.js HTTP/1.1" 304 0
"GET /static/drf-yasg/insQ.min.js HTTP/1.1" 304 0
"GET /static/drf-yasg/immutable.min.js HTTP/1.1" 304 0
"GET /static/drf-yasg/swagger-ui-init.js HTTP/1.1" 304 0
"GET /swagger/?format=openapi HTTP/1.1" 200 7097
"GET /static/drf-yasg/swagger-ui-dist/favicon-32x32.png HTTP/1.1" 304 0
Not Found: /favicon.ico
Not Found: /favicon.ico
"GET /favicon.ico HTTP/1.1" 404 2982
"GET /favicon.ico HTTP/1.1" 404 2982
Not Found: /favicon.ico
"GET /favicon.ico HTTP/1.1" 404 2982
Service Unavailable: /auth/health/
"GET /auth/health/ HTTP/1.1" 503 250
Watching for file changes with StatReloader
"GET /swagger/ HTTP/1.1" 200 2209
"GET /swagger/?format=openapi HTTP/1.1" 200 7097
Not Found: /favicon.ico
"GET /favicon.ico HTTP/1.1" 404 2982
Not Found: /favicon.ico
"GET /favicon.ico HTTP/1.1" 404 2982
Not Found: /favicon.ico
"GET /favicon.ico HTTP/1.1" 404 2982
"GET /auth/health/ HTTP/1.1" 200 162
Bad Request: /auth/signup/
"POST /auth/signup/ HTTP/1.1" 400 404
"GET /admin/ HTTP/1.1" 200 6240
Not Found: /favicon.ico
Not Found: /favicon.ico
"GET /favicon.ico HTTP/1.1" 404 2982
"GET /favicon.ico HTTP/1.1" 404 2982
"GET /admin/auth/user/ HTTP/1.1" 200 11034
Not Found: /favicon.ico
Not Found: /favicon.ico
"GET /favicon.ico HTTP/1.1" 404 2982
"GET /favicon.ico HTTP/1.1" 404 2982
"GET /admin/jsi18n/ HTTP/1.1" 200 3343
"GET /health/ HTTP/1.1" 200 70
HTTP Request: POST https://jgifsfiyhkackzkjsnsq.supabase.co/auth/v1/signup "HTTP/1.1 200 OK"
Successfully created user: alibalogun996@gmail.com
Created profile for user 921f22e0-b5e1-4311-a991-c10d3337e821
"POST /auth/signup/ HTTP/1.1" 201 234
Watching for file changes with StatReloader
HTTP Request: POST https://jgifsfiyhkackzkjsnsq.supabase.co/auth/v1/signup "HTTP/1.1 200 OK"
Successfully created user: alibalogun99@gmail.com
Created profile for user 4b1f911f-3d88-409a-881c-756f5384b435
"POST /auth/signup/ HTTP/1.1" 201 231
HTTP Request: POST https://jgifsfiyhkackzkjsnsq.supabase.co/auth/v1/signup "HTTP/1.1 200 OK"
Successfully created user: alibalogun669@gmail.com
Created profile for user c4bd4050-0ebf-4bd6-a70f-e0d27859745e
"POST /auth/signup/ HTTP/1.1" 201 231
Not Found: /api/v1/auth/resend-otp/
"POST /api/v1/auth/resend-otp/ HTTP/1.1" 404 5783
Not Found: /auth/resend-otp/
"POST /auth/resend-otp/ HTTP/1.1" 404 4349
C:\Users\aliba\Documents\Hesabu\pefoma_backend\auth_integration\urls.py changed, reloading.
Watching for file changes with StatReloader
Not Found: /auth/resend-otp/
"POST /auth/resend-otp/ HTTP/1.1" 404 4349
Watching for file changes with StatReloader
Bad Request: /auth/resend-otp/
"POST /auth/resend-otp/ HTTP/1.1" 400 83
Not Found: /auth/resend-otp/
"POST /auth/resend-otp/ HTTP/1.1" 404 96
Not Found: /auth/resend-otp/
"POST /auth/resend-otp/ HTTP/1.1" 404 96
HTTP Request: POST https://jgifsfiyhkackzkjsnsq.supabase.co/auth/v1/signup "HTTP/1.1 200 OK"
Successfully created user: alibalogun669@gmail.com
Failed to create profile for user eb0ce5e0-3cec-400f-9b1b-ea5816fe44d1: duplicate key value violates unique constraint "profiles_email_key"
DETAIL:  Key (email)=(alibalogun669@gmail.com) already exists.

"POST /auth/signup/ HTTP/1.1" 201 231
Invalid JWT token: Signature verification failed
Unauthorized: /auth/profile/
"GET /auth/profile/ HTTP/1.1" 401 58
Watching for file changes with StatReloader
HTTP Request: POST https://jgifsfiyhkackzkjsnsq.supabase.co/auth/v1/signup "HTTP/1.1 200 OK"
Successfully created user: ali.balogun@escapetech.net
Created profile for user 062fa5f3-f306-4f88-bf19-f1206790c965
"POST /auth/signup/ HTTP/1.1" 201 234
HTTP Request: POST https://jgifsfiyhkackzkjsnsq.supabase.co/auth/v1/signup "HTTP/1.1 429 Too Many Requests"
Error creating user ali.balogun@escapetech.net: For security purposes, you can only request this after 39 seconds.
Bad Request: /auth/signup/
"POST /auth/signup/ HTTP/1.1" 400 82
HTTP Request: POST https://jgifsfiyhkackzkjsnsq.supabase.co/auth/v1/signup "HTTP/1.1 200 OK"
Successfully created user: ali.balogun@escapetech.net
Failed to create profile for user 062fa5f3-f306-4f88-bf19-f1206790c965: duplicate key value violates unique constraint "profiles_pkey"
DETAIL:  Key (id)=(062fa5f3-f306-4f88-bf19-f1206790c965) already exists.

"POST /auth/signup/ HTTP/1.1" 201 238
INFO 2025-09-24 13:18:39,721 autoreload 46508 50400 Watching for file changes with StatReloader
INFO 2025-09-24 13:19:08,849 _client 46508 47844 HTTP Request: POST https://jgifsfiyhkackzkjsnsq.supabase.co/auth/v1/signup "HTTP/1.1 200 OK"
INFO 2025-09-24 13:19:10,095 basehttp 46508 47844 "POST /auth/signup/ HTTP/1.1" 201 238
INFO 2025-09-24 13:22:51,360 autoreload 46508 50400 C:\Users\aliba\Documents\Hesabu\pefoma_backend\pefoma_backend\settings.py changed, reloading.
INFO 2025-09-24 13:22:53,299 autoreload 26048 32980 Watching for file changes with StatReloader
INFO 2025-09-24 13:27:06,792 _client 26048 23004 HTTP Request: POST https://jgifsfiyhkackzkjsnsq.supabase.co/auth/v1/token?grant_type=password "HTTP/1.1 200 OK"
INFO 2025-09-24 13:27:09,674 _client 26048 23004 HTTP Request: POST https://jgifsfiyhkackzkjsnsq.supabase.co/rest/v1/rpc/update_last_login "HTTP/1.1 204 No Content"
INFO 2025-09-24 13:27:09,691 basehttp 26048 23004 "POST /auth/login/ HTTP/1.1" 200 1698
INFO 2025-09-24 13:30:01,581 autoreload 26048 32980 C:\Users\aliba\Documents\Hesabu\pefoma_backend\pefoma_backend\settings.py changed, reloading.
INFO 2025-09-24 16:06:49,887 autoreload 52068 39360 Watching for file changes with StatReloader
ERROR 2025-09-24 16:15:05,095 log 52068 11464 Internal Server Error: /auth/signup/
ERROR 2025-09-24 16:15:05,098 basehttp 52068 11464 "POST /auth/signup/ HTTP/1.1" 500 103
INFO 2025-09-24 16:20:12,990 autoreload 52068 39360 C:\Users\aliba\Documents\Hesabu\pefoma_backend\auth_integration\supabase_client.py changed, reloading.
INFO 2025-09-24 16:20:15,318 autoreload 51424 40596 Watching for file changes with StatReloader
INFO 2025-09-24 16:20:23,423 autoreload 51424 40596 C:\Users\aliba\Documents\Hesabu\pefoma_backend\auth_integration\supabase_client.py changed, reloading.
INFO 2025-09-24 16:20:25,377 autoreload 23980 24592 Watching for file changes with StatReloader
INFO 2025-09-24 16:20:35,375 autoreload 23980 24592 C:\Users\aliba\Documents\Hesabu\pefoma_backend\auth_integration\supabase_client.py changed, reloading.
INFO 2025-09-24 16:20:37,354 autoreload 52136 29376 Watching for file changes with StatReloader
INFO 2025-09-24 16:21:02,491 autoreload 52136 29376 C:\Users\aliba\Documents\Hesabu\pefoma_backend\auth_integration\supabase_client.py changed, reloading.
INFO 2025-09-24 16:21:04,327 autoreload 31972 31388 Watching for file changes with StatReloader
INFO 2025-09-24 16:21:13,091 autoreload 51184 28668 Watching for file changes with StatReloader
INFO 2025-09-24 16:25:29,004 _client 51184 49952 HTTP Request: POST https://jgifsfiyhkackzkjsnsq.supabase.co/auth/v1/admin/users "HTTP/1.1 422 Unprocessable Entity"
WARNING 2025-09-24 16:25:29,017 log 51184 49952 Bad Request: /auth/signup/
WARNING 2025-09-24 16:25:29,020 basehttp 51184 49952 "POST /auth/signup/ HTTP/1.1" 400 82
INFO 2025-09-24 16:29:33,451 _client 51184 47596 HTTP Request: POST https://jgifsfiyhkackzkjsnsq.supabase.co/auth/v1/admin/users "HTTP/1.1 200 OK"
INFO 2025-09-24 16:29:36,495 _client 51184 47596 HTTP Request: POST https://jgifsfiyhkackzkjsnsq.supabase.co/rest/v1/rpc/generate_otp "HTTP/1.1 200 OK"
INFO 2025-09-24 16:29:37,967 basehttp 51184 47596 "POST /auth/signup/ HTTP/1.1" 201 297
INFO 2025-09-24 16:39:13,462 _client 51184 11380 HTTP Request: POST https://jgifsfiyhkackzkjsnsq.supabase.co/auth/v1/admin/users "HTTP/1.1 200 OK"
INFO 2025-09-24 16:39:16,251 _client 51184 11380 HTTP Request: POST https://jgifsfiyhkackzkjsnsq.supabase.co/rest/v1/rpc/generate_otp "HTTP/1.1 200 OK"
INFO 2025-09-24 16:39:17,683 basehttp 51184 11380 "POST /auth/signup/ HTTP/1.1" 201 294
INFO 2025-09-24 16:41:39,633 autoreload 51184 28668 C:\Users\aliba\Documents\Hesabu\pefoma_backend\auth_integration\supabase_client.py changed, reloading.
INFO 2025-09-24 16:41:41,787 autoreload 40852 36380 Watching for file changes with StatReloader
INFO 2025-09-24 16:41:46,781 autoreload 40852 36380 C:\Users\aliba\Documents\Hesabu\pefoma_backend\auth_integration\supabase_client.py changed, reloading.
INFO 2025-09-24 16:41:48,643 autoreload 25760 51640 Watching for file changes with StatReloader
INFO 2025-09-24 17:30:34,678 autoreload 51648 47580 Watching for file changes with StatReloader
INFO 2025-09-24 18:17:16,185 basehttp 51648 30200 "OPTIONS /auth/signup/ HTTP/1.1" 200 0
INFO 2025-09-24 18:17:22,117 _client 51648 30200 HTTP Request: POST https://jgifsfiyhkackzkjsnsq.supabase.co/auth/v1/signup "HTTP/1.1 200 OK"
INFO 2025-09-24 18:17:23,664 basehttp 51648 30200 "POST /auth/signup/ HTTP/1.1" 201 232
INFO 2025-09-24 18:18:24,078 basehttp 51648 30200 "OPTIONS /auth/login/ HTTP/1.1" 200 0
INFO 2025-09-24 18:18:28,151 _client 51648 30200 HTTP Request: POST https://jgifsfiyhkackzkjsnsq.supabase.co/auth/v1/token?grant_type=password "HTTP/1.1 400 Bad Request"
WARNING 2025-09-24 18:18:28,157 log 51648 30200 Unauthorized: /auth/login/
WARNING 2025-09-24 18:18:28,160 basehttp 51648 30200 "POST /auth/login/ HTTP/1.1" 401 85
INFO 2025-09-24 18:25:32,066 basehttp 51648 42792 "OPTIONS /auth/forgot-password/ HTTP/1.1" 200 0
INFO 2025-09-24 18:25:37,951 _client 51648 42792 HTTP Request: POST https://jgifsfiyhkackzkjsnsq.supabase.co/auth/v1/recover "HTTP/1.1 200 OK"
INFO 2025-09-24 18:25:37,959 basehttp 51648 42792 "POST /auth/forgot-password/ HTTP/1.1" 200 110
INFO 2025-09-24 18:42:11,622 autoreload 51648 47580 C:\Users\aliba\Documents\Hesabu\pefoma_backend\auth_integration\views.py changed, reloading.
INFO 2025-09-24 18:42:13,817 autoreload 52320 43704 Watching for file changes with StatReloader
INFO 2025-09-24 18:42:54,524 autoreload 52320 43704 C:\Users\aliba\Documents\Hesabu\pefoma_backend\auth_integration\views.py changed, reloading.
INFO 2025-09-24 18:42:56,617 autoreload 35312 47684 Watching for file changes with StatReloader
INFO 2025-09-24 18:43:42,054 autoreload 35312 47684 C:\Users\aliba\Documents\Hesabu\pefoma_backend\auth_integration\urls.py changed, reloading.
INFO 2025-09-24 18:43:43,731 autoreload 35736 36536 Watching for file changes with StatReloader
INFO 2025-09-24 18:44:40,232 autoreload 35736 36536 C:\Users\aliba\Documents\Hesabu\pefoma_backend\auth_integration\views.py changed, reloading.
INFO 2025-09-24 18:44:41,960 autoreload 1736 23556 Watching for file changes with StatReloader
INFO 2025-09-24 18:44:54,712 autoreload 1736 23556 C:\Users\aliba\Documents\Hesabu\pefoma_backend\auth_integration\views.py changed, reloading.
INFO 2025-09-24 18:44:56,363 autoreload 51340 41276 Watching for file changes with StatReloader
INFO 2025-09-24 18:53:37,580 autoreload 51340 41276 C:\Users\aliba\Documents\Hesabu\pefoma_backend\auth_integration\urls.py changed, reloading.
INFO 2025-09-24 18:53:39,352 autoreload 18740 38088 Watching for file changes with StatReloader
INFO 2025-09-24 18:53:50,495 autoreload 18740 38088 C:\Users\aliba\Documents\Hesabu\pefoma_backend\auth_integration\urls.py changed, reloading.
INFO 2025-09-24 18:53:52,145 autoreload 51720 47472 Watching for file changes with StatReloader
INFO 2025-09-24 18:54:00,315 autoreload 51720 47472 C:\Users\aliba\Documents\Hesabu\pefoma_backend\auth_integration\urls.py changed, reloading.
INFO 2025-09-24 18:54:01,967 autoreload 14904 38956 Watching for file changes with StatReloader
INFO 2025-09-24 18:54:07,965 autoreload 14904 38956 C:\Users\aliba\Documents\Hesabu\pefoma_backend\auth_integration\urls.py changed, reloading.
INFO 2025-09-24 18:54:09,617 autoreload 42332 46532 Watching for file changes with StatReloader
INFO 2025-09-24 18:54:20,363 autoreload 28848 51932 Watching for file changes with StatReloader
WARNING 2025-09-24 20:05:08,858 log 28848 52664 Bad Request: /auth/users/delete/
WARNING 2025-09-24 20:05:08,865 basehttp 28848 52664 "DELETE /auth/users/delete/?userId=062fa5f3-f306-4f88-bf19-f1206790c965 HTTP/1.1" 400 106
INFO 2025-09-24 21:09:03,072 basehttp 28848 44004 "DELETE /auth/users/delete/decb9875-4283-4f88-991a-a519ade54bb3 HTTP/1.1" 301 0
WARNING 2025-09-24 21:09:03,087 log 28848 6984 Method Not Allowed: /auth/users/delete/decb9875-4283-4f88-991a-a519ade54bb3/
WARNING 2025-09-24 21:09:03,090 basehttp 28848 6984 "GET /auth/users/delete/decb9875-4283-4f88-991a-a519ade54bb3/ HTTP/1.1" 405 40
INFO 2025-09-24 21:13:22,899 _client 28848 23536 HTTP Request: DELETE https://jgifsfiyhkackzkjsnsq.supabase.co/auth/v1/admin/users/4c236c2e-3302-4c5d-97a1-7130b1e62d70 "HTTP/1.1 200 OK"
INFO 2025-09-24 21:13:23,083 basehttp 28848 23536 "DELETE /auth/users/delete/ HTTP/1.1" 200 155
INFO 2025-09-24 21:14:01,502 _client 28848 23536 HTTP Request: DELETE https://jgifsfiyhkackzkjsnsq.supabase.co/auth/v1/admin/users/decb9875-4283-4f88-991a-a519ade54bb3 "HTTP/1.1 200 OK"
INFO 2025-09-24 21:14:01,835 basehttp 28848 23536 "DELETE /auth/users/delete/ HTTP/1.1" 200 151
INFO 2025-09-24 21:14:56,691 _client 28848 23536 HTTP Request: DELETE https://jgifsfiyhkackzkjsnsq.supabase.co/auth/v1/admin/users/062fa5f3-f306-4f88-bf19-f1206790c965 "HTTP/1.1 200 OK"
INFO 2025-09-24 21:14:56,868 basehttp 28848 23536 "DELETE /auth/users/delete/ HTTP/1.1" 200 159
INFO 2025-09-24 21:15:18,851 _client 28848 23536 HTTP Request: DELETE https://jgifsfiyhkackzkjsnsq.supabase.co/auth/v1/admin/users/c4bd4050-0ebf-4bd6-a70f-e0d27859745e "HTTP/1.1 200 OK"
INFO 2025-09-24 21:15:19,034 basehttp 28848 23536 "DELETE /auth/users/delete/ HTTP/1.1" 200 156
INFO 2025-09-24 21:15:36,107 _client 28848 23536 HTTP Request: DELETE https://jgifsfiyhkackzkjsnsq.supabase.co/auth/v1/admin/users/4b1f911f-3d88-409a-881c-756f5384b435 "HTTP/1.1 200 OK"
INFO 2025-09-24 21:15:36,282 basehttp 28848 23536 "DELETE /auth/users/delete/ HTTP/1.1" 200 155
INFO 2025-09-26 18:42:08,803 microsoft_graph_email 33808 51972 Acquiring new Microsoft Graph token
INFO 2025-09-26 18:42:10,653 microsoft_graph_email 33808 51972 Microsoft Graph token acquired, cached for 3299 seconds
ERROR 2025-09-26 18:42:12,695 microsoft_graph_email 33808 51972 Connection test failed: 403 - {"error":{"code":"Authorization_RequestDenied","message":"Insufficient privileges to complete the operation.","innerError":{"date":"2025-09-26T17:42:12","request-id":"f8624d85-91e2-41f3-b0fc-c984206600dd","client-request-id":"f8624d85-91e2-41f3-b0fc-c984206600dd"}}}
INFO 2025-09-26 23:36:23,754 microsoft_graph_email_fixed 35128 42488 Acquiring new Microsoft Graph token
INFO 2025-09-26 23:36:26,287 microsoft_graph_email_fixed 35128 42488 Microsoft Graph token acquired successfully
INFO 2025-09-29 11:17:33,974 autoreload 17392 51508 Watching for file changes with StatReloader
INFO 2025-09-29 11:17:36,953 simple_email_service 17392 51508 Microsoft Graph email provider initialized
INFO 2025-09-29 11:18:20,210 basehttp 17392 21464 "GET /health/ HTTP/1.1" 200 70
INFO 2025-09-29 11:22:35,289 basehttp 17392 15292 "OPTIONS /auth/signup/ HTTP/1.1" 200 0
INFO 2025-09-29 11:22:41,209 _client 17392 15292 HTTP Request: POST https://jgifsfiyhkackzkjsnsq.supabase.co/auth/v1/signup "HTTP/1.1 200 OK"
INFO 2025-09-29 11:22:49,130 _client 17392 15292 HTTP Request: POST https://jgifsfiyhkackzkjsnsq.supabase.co/rest/v1/rpc/generate_otp "HTTP/1.1 200 OK"
WARNING 2025-09-29 11:22:49,145 simple_email_service 17392 15292 Provider doesn't support send_otp, using fallback
INFO 2025-09-29 11:22:49,153 basehttp 17392 15292 "POST /auth/signup/ HTTP/1.1" 201 256
INFO 2025-09-29 11:24:33,486 basehttp 17392 15292 "OPTIONS /auth/login/ HTTP/1.1" 200 0
INFO 2025-09-29 11:24:35,866 _client 17392 15292 HTTP Request: POST https://jgifsfiyhkackzkjsnsq.supabase.co/auth/v1/token?grant_type=password "HTTP/1.1 200 OK"
INFO 2025-09-29 11:24:37,345 _client 17392 15292 HTTP Request: POST https://jgifsfiyhkackzkjsnsq.supabase.co/rest/v1/rpc/update_last_login "HTTP/1.1 204 No Content"
INFO 2025-09-29 11:24:37,352 basehttp 17392 15292 "POST /auth/login/ HTTP/1.1" 200 1691
INFO 2025-09-29 11:24:37,370 basehttp 17392 15292 "OPTIONS /auth/profile/ HTTP/1.1" 200 0
WARNING 2025-09-29 11:24:37,382 log 17392 15292 Forbidden: /auth/profile/
WARNING 2025-09-29 11:24:37,385 basehttp 17392 15292 "GET /auth/profile/ HTTP/1.1" 403 132
INFO 2025-09-29 11:28:14,036 autoreload 34944 26844 Watching for file changes with StatReloader
INFO 2025-09-29 11:28:15,416 simple_email_service 34944 26844 Microsoft Graph email provider initialized
INFO 2025-09-29 11:29:33,603 _client 34944 51792 HTTP Request: POST https://jgifsfiyhkackzkjsnsq.supabase.co/auth/v1/signup "HTTP/1.1 200 OK"
INFO 2025-09-29 11:29:40,843 _client 34944 51792 HTTP Request: POST https://jgifsfiyhkackzkjsnsq.supabase.co/rest/v1/rpc/generate_otp "HTTP/1.1 200 OK"
WARNING 2025-09-29 11:29:40,854 simple_email_service 34944 51792 Provider doesn't support send_otp, using fallback
INFO 2025-09-29 11:29:40,861 basehttp 34944 51792 "POST /auth/signup/ HTTP/1.1" 201 256
INFO 2025-09-29 11:30:37,141 basehttp 34944 51792 "OPTIONS /auth/logout/ HTTP/1.1" 200 0
WARNING 2025-09-29 11:30:37,166 log 34944 51792 Forbidden: /auth/logout/
WARNING 2025-09-29 11:30:37,169 basehttp 34944 51792 "POST /auth/logout/ HTTP/1.1" 403 132
INFO 2025-09-29 11:30:46,863 _client 34944 51792 HTTP Request: POST https://jgifsfiyhkackzkjsnsq.supabase.co/auth/v1/token?grant_type=password "HTTP/1.1 400 Bad Request"
WARNING 2025-09-29 11:30:46,867 log 34944 51792 Unauthorized: /auth/login/
WARNING 2025-09-29 11:30:46,869 basehttp 34944 51792 "POST /auth/login/ HTTP/1.1" 401 85
INFO 2025-09-29 11:31:20,041 _client 34944 51792 HTTP Request: POST https://jgifsfiyhkackzkjsnsq.supabase.co/auth/v1/token?grant_type=password "HTTP/1.1 200 OK"
INFO 2025-09-29 11:31:22,647 _client 34944 51792 HTTP Request: POST https://jgifsfiyhkackzkjsnsq.supabase.co/rest/v1/rpc/update_last_login "HTTP/1.1 204 No Content"
INFO 2025-09-29 11:31:22,660 basehttp 34944 51792 "POST /auth/login/ HTTP/1.1" 200 1691
WARNING 2025-09-29 11:31:22,679 log 34944 51792 Forbidden: /auth/profile/
WARNING 2025-09-29 11:31:22,683 basehttp 34944 51792 "GET /auth/profile/ HTTP/1.1" 403 132
INFO 2025-09-29 11:32:40,935 _client 34944 51792 HTTP Request: POST https://jgifsfiyhkackzkjsnsq.supabase.co/auth/v1/token?grant_type=password "HTTP/1.1 200 OK"
INFO 2025-09-29 11:32:43,193 _client 34944 51792 HTTP Request: POST https://jgifsfiyhkackzkjsnsq.supabase.co/rest/v1/rpc/update_last_login "HTTP/1.1 204 No Content"
INFO 2025-09-29 11:32:43,210 basehttp 34944 51792 "POST /auth/login/ HTTP/1.1" 200 1691
WARNING 2025-09-29 11:32:43,231 log 34944 51792 Forbidden: /auth/profile/
WARNING 2025-09-29 11:32:43,236 basehttp 34944 51792 "GET /auth/profile/ HTTP/1.1" 403 132
INFO 2025-09-29 11:36:23,182 autoreload 48140 41176 Watching for file changes with StatReloader
INFO 2025-09-29 11:36:24,719 simple_email_service 48140 41176 Microsoft Graph email provider initialized
INFO 2025-09-29 11:36:31,972 basehttp 48140 46860 "OPTIONS /auth/forgot-password/ HTTP/1.1" 200 0
INFO 2025-09-29 11:36:36,881 _client 48140 46860 HTTP Request: POST https://jgifsfiyhkackzkjsnsq.supabase.co/rest/v1/rpc/generate_otp "HTTP/1.1 200 OK"
WARNING 2025-09-29 11:36:36,891 simple_email_service 48140 46860 Provider doesn't support send_otp, using fallback
INFO 2025-09-29 11:36:36,897 basehttp 48140 46860 "POST /auth/forgot-password/ HTTP/1.1" 200 147
INFO 2025-09-29 11:40:26,054 autoreload 48140 41176 C:\Users\aliba\Documents\Hesabu\pefoma_backend\common\simple_email_service.py changed, reloading.
INFO 2025-09-29 11:40:28,031 autoreload 12056 57952 Watching for file changes with StatReloader
INFO 2025-09-29 11:40:29,662 simple_email_service 12056 57952 [SUCCESS] Microsoft Graph email provider initialized
INFO 2025-09-29 11:49:33,091 simple_email_service 39780 1440 [SUCCESS] Microsoft Graph email provider initialized
WARNING 2025-09-29 11:49:59,546 simple_email_service 39780 1440 Provider doesn't support send_otp, using fallback
WARNING 2025-09-29 11:49:59,555 simple_email_service 39780 1440 Available methods: ['client_id', 'client_secret', 'diagnose_permissions', 'send_mail_url', 'sender_email', 'session', 'tenant_id', 'test_connection', 'token_url']
WARNING 2025-09-29 11:50:28,306 simple_email_service 39780 1440 Provider doesn't support send_otp, using fallback
WARNING 2025-09-29 11:50:28,308 simple_email_service 39780 1440 Available methods: ['client_id', 'client_secret', 'diagnose_permissions', 'send_mail_url', 'sender_email', 'session', 'tenant_id', 'test_connection', 'token_url']
INFO 2025-09-29 12:24:08,504 autoreload 1332 30736 Watching for file changes with StatReloader
INFO 2025-09-29 12:24:10,149 simple_email_service 1332 30736 [SUCCESS] Microsoft Graph email provider initialized
INFO 2025-09-29 12:31:46,628 simple_email_service 48752 25484 [SUCCESS] Microsoft Graph email provider initialized
INFO 2025-09-29 12:31:47,935 microsoft_graph_email 48752 25484 Acquiring new Microsoft Graph token
INFO 2025-09-29 12:31:49,779 microsoft_graph_email 48752 25484 Microsoft Graph token acquired, cached for 3299 seconds
ERROR 2025-09-29 12:31:51,485 microsoft_graph_email 48752 25484 Connection test failed: 403 - {"error":{"code":"Authorization_RequestDenied","message":"Insufficient privileges to complete the operation.","innerError":{"date":"2025-09-29T11:31:50","request-id":"a75ccb15-cb1a-477d-bbd4-a8c6650a8a7d","client-request-id":"a75ccb15-cb1a-477d-bbd4-a8c6650a8a7d"}}}
INFO 2025-09-29 12:32:40,909 simple_email_service 57352 53544 [SUCCESS] Microsoft Graph email provider initialized
INFO 2025-09-29 13:16:17,952 simple_email_service 42696 20940 [SUCCESS] Microsoft Graph email provider initialized
INFO 2025-09-29 13:18:02,979 simple_email_service 45288 10328 [SUCCESS] Microsoft Graph email provider initialized
INFO 2025-09-29 13:18:06,743 microsoft_graph_email_fixed 45288 10328 Email sent successfully to ali.balogun@escapetech.net
INFO 2025-09-29 13:18:07,324 microsoft_graph_email_fixed 45288 10328 Email sent successfully to ali.balogun@escapetech.net
INFO 2025-09-29 13:43:00,011 simple_email_service 59380 17868 [SUCCESS] Microsoft Graph email provider initialized
INFO 2025-09-29 13:43:01,147 microsoft_graph_email_fixed 59380 17868 Acquiring new Microsoft Graph token
INFO 2025-09-29 13:43:03,105 microsoft_graph_email_fixed 59380 17868 Microsoft Graph token acquired successfully
INFO 2025-09-29 13:43:03,107 microsoft_graph_email_fixed 59380 17868 Token obtained successfully, testing API access...
INFO 2025-09-29 13:43:05,619 microsoft_graph_email_fixed 59380 17868 [SUCCESS] Microsoft Graph API connection test successful
INFO 2025-09-29 20:09:36,383 autoreload 61824 56572 Watching for file changes with StatReloader
INFO 2025-09-29 20:09:38,552 simple_email_service 61824 56572 [SUCCESS] Microsoft Graph email provider initialized
WARNING 2025-09-29 20:09:55,302 log 61824 64116 Not Found: /auth/users/delete/
WARNING 2025-09-29 20:09:55,304 basehttp 61824 64116 "DELETE /auth/users/delete/ HTTP/1.1" 404 5077
WARNING 2025-09-29 20:10:22,889 log 61824 64116 Not Found: /auth/users/delete/
WARNING 2025-09-29 20:10:22,892 basehttp 61824 64116 "DELETE /auth/users/delete/ HTTP/1.1" 404 5077
INFO 2025-09-29 20:12:31,555 autoreload 61824 56572 C:\Users\aliba\Documents\Hesabu\pefoma_backend\auth_integration\urls.py changed, reloading.
INFO 2025-09-29 20:12:33,769 autoreload 45620 40760 Watching for file changes with StatReloader
INFO 2025-09-29 20:13:16,936 autoreload 45620 40760 C:\Users\aliba\Documents\Hesabu\pefoma_backend\auth_integration\urls.py changed, reloading.
INFO 2025-09-29 20:13:18,906 autoreload 46056 29516 Watching for file changes with StatReloader
INFO 2025-09-29 20:13:24,930 autoreload 46056 29516 C:\Users\aliba\Documents\Hesabu\pefoma_backend\auth_integration\urls.py changed, reloading.
INFO 2025-09-29 20:13:26,774 autoreload 27492 22968 Watching for file changes with StatReloader
INFO 2025-09-29 20:13:35,158 autoreload 27492 22968 C:\Users\aliba\Documents\Hesabu\pefoma_backend\auth_integration\urls.py changed, reloading.
INFO 2025-09-29 20:13:37,184 autoreload 62924 60952 Watching for file changes with StatReloader
INFO 2025-09-29 20:13:38,973 simple_email_service 62924 60952 [SUCCESS] Microsoft Graph email provider initialized
INFO 2025-09-29 20:13:44,562 autoreload 62924 60952 C:\Users\aliba\Documents\Hesabu\pefoma_backend\auth_integration\urls.py changed, reloading.
INFO 2025-09-29 20:13:46,736 autoreload 58052 64268 Watching for file changes with StatReloader
INFO 2025-09-29 20:13:54,006 autoreload 58052 64268 C:\Users\aliba\Documents\Hesabu\pefoma_backend\auth_integration\urls.py changed, reloading.
INFO 2025-09-29 20:13:55,918 autoreload 63892 58444 Watching for file changes with StatReloader
INFO 2025-09-29 20:13:57,579 simple_email_service 63892 58444 [SUCCESS] Microsoft Graph email provider initialized
INFO 2025-09-29 20:14:01,192 autoreload 63892 58444 C:\Users\aliba\Documents\Hesabu\pefoma_backend\auth_integration\urls.py changed, reloading.
INFO 2025-09-29 20:14:03,323 autoreload 33896 37556 Watching for file changes with StatReloader
INFO 2025-09-29 20:14:14,017 autoreload 33896 37556 C:\Users\aliba\Documents\Hesabu\pefoma_backend\auth_integration\urls.py changed, reloading.
INFO 2025-09-29 20:14:15,900 autoreload 59648 16704 Watching for file changes with StatReloader
INFO 2025-09-29 20:14:24,158 autoreload 59648 16704 C:\Users\aliba\Documents\Hesabu\pefoma_backend\auth_integration\urls.py changed, reloading.
INFO 2025-09-29 20:14:26,191 autoreload 56688 30100 Watching for file changes with StatReloader
INFO 2025-09-29 20:14:27,800 simple_email_service 56688 30100 [SUCCESS] Microsoft Graph email provider initialized
INFO 2025-09-29 20:14:49,178 autoreload 56688 30100 C:\Users\aliba\Documents\Hesabu\pefoma_backend\auth_integration\views.py changed, reloading.
INFO 2025-09-29 20:14:51,396 autoreload 62328 61736 Watching for file changes with StatReloader
INFO 2025-09-29 20:14:53,054 simple_email_service 62328 61736 [SUCCESS] Microsoft Graph email provider initialized
WARNING 2025-09-29 20:15:05,952 log 62328 44388 Not Found: /auth/users/delete/
WARNING 2025-09-29 20:15:05,954 basehttp 62328 44388 "DELETE /auth/users/delete/ HTTP/1.1" 404 5639
INFO 2025-09-29 20:15:21,630 autoreload 62328 61736 C:\Users\aliba\Documents\Hesabu\pefoma_backend\auth_integration\urls.py changed, reloading.
INFO 2025-09-29 20:15:23,640 autoreload 62840 26312 Watching for file changes with StatReloader
INFO 2025-09-29 20:15:25,259 simple_email_service 62840 26312 [SUCCESS] Microsoft Graph email provider initialized
INFO 2025-09-29 20:15:27,658 autoreload 62840 26312 C:\Users\aliba\Documents\Hesabu\pefoma_backend\auth_integration\urls.py changed, reloading.
INFO 2025-09-29 20:15:29,709 autoreload 60832 59484 Watching for file changes with StatReloader
INFO 2025-09-29 20:15:31,303 simple_email_service 60832 59484 [SUCCESS] Microsoft Graph email provider initialized
WARNING 2025-09-29 20:15:50,642 log 60832 63216 Not Found: /auth/users/delete-user/
WARNING 2025-09-29 20:15:50,645 basehttp 60832 63216 "DELETE /auth/users/delete-user/ HTTP/1.1" 404 5643
INFO 2025-09-29 20:16:06,247 autoreload 63580 40440 Watching for file changes with StatReloader
INFO 2025-09-29 20:16:07,771 simple_email_service 63580 40440 [SUCCESS] Microsoft Graph email provider initialized
WARNING 2025-09-29 20:16:24,201 log 63580 3376 Not Found: /auth/users/delete-user/
WARNING 2025-09-29 20:16:24,204 basehttp 63580 3376 "DELETE /auth/users/delete-user/ HTTP/1.1" 404 5654
INFO 2025-09-29 20:19:05,604 autoreload 63580 40440 C:\Users\aliba\Documents\Hesabu\pefoma_backend\auth_integration\urls.py changed, reloading.
INFO 2025-09-29 20:19:07,597 autoreload 52456 13416 Watching for file changes with StatReloader
INFO 2025-09-29 20:19:12,464 autoreload 52456 13416 C:\Users\aliba\Documents\Hesabu\pefoma_backend\auth_integration\urls.py changed, reloading.
INFO 2025-09-29 20:19:14,346 autoreload 52204 62972 Watching for file changes with StatReloader
INFO 2025-09-29 20:19:18,858 autoreload 52204 62972 C:\Users\aliba\Documents\Hesabu\pefoma_backend\auth_integration\urls.py changed, reloading.
INFO 2025-09-29 20:19:20,591 autoreload 37808 33208 Watching for file changes with StatReloader
INFO 2025-09-29 20:19:22,177 simple_email_service 37808 33208 [SUCCESS] Microsoft Graph email provider initialized
INFO 2025-09-29 20:20:04,692 autoreload 37808 33208 C:\Users\aliba\Documents\Hesabu\pefoma_backend\auth_integration\urls.py changed, reloading.
INFO 2025-09-29 20:20:06,812 autoreload 22752 34104 Watching for file changes with StatReloader
INFO 2025-09-29 20:20:08,402 simple_email_service 22752 34104 [SUCCESS] Microsoft Graph email provider initialized
WARNING 2025-09-29 20:20:34,004 log 22752 3184 Not Found: /auth/users/delete-user/
WARNING 2025-09-29 20:20:34,007 basehttp 22752 3184 "DELETE /auth/users/delete-user/ HTTP/1.1" 404 5654
WARNING 2025-09-29 20:21:50,248 log 22752 56412 Not Found: /auth/auth/delete-user/
WARNING 2025-09-29 20:21:50,250 basehttp 22752 56412 "DELETE /auth/auth/delete-user/ HTTP/1.1" 404 5651
INFO 2025-09-29 20:22:53,173 autoreload 22752 34104 C:\Users\aliba\Documents\Hesabu\pefoma_backend\auth_integration\views.py changed, reloading.
INFO 2025-09-29 20:22:55,337 autoreload 62836 61680 Watching for file changes with StatReloader
INFO 2025-09-29 20:22:56,923 simple_email_service 62836 61680 [SUCCESS] Microsoft Graph email provider initialized
INFO 2025-09-29 20:23:43,988 autoreload 62836 61680 C:\Users\aliba\Documents\Hesabu\pefoma_backend\auth_integration\views.py changed, reloading.
INFO 2025-09-29 20:23:46,102 autoreload 64064 60660 Watching for file changes with StatReloader
INFO 2025-09-29 20:23:47,716 simple_email_service 64064 60660 [SUCCESS] Microsoft Graph email provider initialized
INFO 2025-09-29 20:25:31,172 autoreload 64064 60660 C:\Users\aliba\Documents\Hesabu\pefoma_backend\auth_integration\urls.py changed, reloading.
INFO 2025-09-29 20:25:33,202 autoreload 58716 41116 Watching for file changes with StatReloader
INFO 2025-09-29 20:25:34,847 simple_email_service 58716 41116 [SUCCESS] Microsoft Graph email provider initialized
INFO 2025-09-29 20:26:25,691 autoreload 58716 41116 C:\Users\aliba\Documents\Hesabu\pefoma_backend\users\views.py changed, reloading.
INFO 2025-09-29 20:26:27,977 autoreload 62232 60520 Watching for file changes with StatReloader
INFO 2025-09-29 20:26:29,557 simple_email_service 62232 60520 [SUCCESS] Microsoft Graph email provider initialized
INFO 2025-09-29 20:26:35,959 autoreload 62232 60520 C:\Users\aliba\Documents\Hesabu\pefoma_backend\users\views.py changed, reloading.
INFO 2025-09-29 20:26:38,052 autoreload 60804 59744 Watching for file changes with StatReloader
INFO 2025-09-29 20:26:39,571 simple_email_service 60804 59744 [SUCCESS] Microsoft Graph email provider initialized
INFO 2025-09-29 20:26:53,406 autoreload 60804 59744 C:\Users\aliba\Documents\Hesabu\pefoma_backend\users\views.py changed, reloading.
INFO 2025-09-29 20:26:55,420 autoreload 30120 51468 Watching for file changes with StatReloader
INFO 2025-09-29 20:26:57,018 simple_email_service 30120 51468 [SUCCESS] Microsoft Graph email provider initialized
INFO 2025-09-29 20:27:01,709 autoreload 30120 51468 C:\Users\aliba\Documents\Hesabu\pefoma_backend\users\views.py changed, reloading.
INFO 2025-09-29 20:27:03,711 autoreload 63812 40420 Watching for file changes with StatReloader
INFO 2025-09-29 20:27:05,214 simple_email_service 63812 40420 [SUCCESS] Microsoft Graph email provider initialized
INFO 2025-09-29 20:27:07,150 autoreload 63812 40420 C:\Users\aliba\Documents\Hesabu\pefoma_backend\users\views.py changed, reloading.
INFO 2025-09-29 20:27:09,093 autoreload 60388 61896 Watching for file changes with StatReloader
INFO 2025-09-29 20:27:10,735 simple_email_service 60388 61896 [SUCCESS] Microsoft Graph email provider initialized
INFO 2025-09-29 20:27:24,729 autoreload 60388 61896 C:\Users\aliba\Documents\Hesabu\pefoma_backend\users\views.py changed, reloading.
INFO 2025-09-29 20:27:26,769 autoreload 63928 49036 Watching for file changes with StatReloader
INFO 2025-09-29 20:27:28,243 simple_email_service 63928 49036 [SUCCESS] Microsoft Graph email provider initialized
INFO 2025-09-29 20:27:34,033 autoreload 63928 49036 C:\Users\aliba\Documents\Hesabu\pefoma_backend\users\views.py changed, reloading.
INFO 2025-09-29 20:27:36,012 autoreload 63456 33720 Watching for file changes with StatReloader
INFO 2025-09-29 20:27:37,555 simple_email_service 63456 33720 [SUCCESS] Microsoft Graph email provider initialized
INFO 2025-09-29 20:27:46,832 autoreload 63456 33720 C:\Users\aliba\Documents\Hesabu\pefoma_backend\users\views.py changed, reloading.
INFO 2025-09-29 20:27:48,865 autoreload 35648 60452 Watching for file changes with StatReloader
INFO 2025-09-29 20:27:50,373 simple_email_service 35648 60452 [SUCCESS] Microsoft Graph email provider initialized
INFO 2025-09-29 20:27:55,059 autoreload 35648 60452 C:\Users\aliba\Documents\Hesabu\pefoma_backend\users\views.py changed, reloading.
INFO 2025-09-29 20:27:56,998 autoreload 9864 45836 Watching for file changes with StatReloader
INFO 2025-09-29 20:27:58,491 simple_email_service 9864 45836 [SUCCESS] Microsoft Graph email provider initialized
INFO 2025-09-29 20:30:38,829 autoreload 9864 45836 C:\Users\aliba\Documents\Hesabu\pefoma_backend\auth_integration\views.py changed, reloading.
INFO 2025-09-29 20:30:40,846 autoreload 63612 59020 Watching for file changes with StatReloader
INFO 2025-09-29 20:30:42,455 simple_email_service 63612 59020 [SUCCESS] Microsoft Graph email provider initialized
INFO 2025-09-29 20:39:51,537 autoreload 41232 11096 Watching for file changes with StatReloader
INFO 2025-09-29 20:39:53,150 simple_email_service 41232 11096 [SUCCESS] Microsoft Graph email provider initialized
WARNING 2025-09-29 20:40:35,658 log 41232 45452 Not Found: /auth/users/delete-user/
WARNING 2025-09-29 20:40:35,662 basehttp 41232 45452 "DELETE /auth/users/delete-user/ HTTP/1.1" 404 5092
INFO 2025-09-29 20:40:47,934 views 41232 45452 Attempting to delete user: 961ae2ae-e55c-455e-bf5a-d5f581ddbd35 (ali.balogun@escapetech.net)
INFO 2025-09-29 20:40:53,030 _client 41232 45452 HTTP Request: DELETE https://jgifsfiyhkackzkjsnsq.supabase.co/auth/v1/admin/users/961ae2ae-e55c-455e-bf5a-d5f581ddbd35 "HTTP/1.1 200 OK"
INFO 2025-09-29 20:40:53,033 views 41232 45452 Successfully deleted user from Supabase: 961ae2ae-e55c-455e-bf5a-d5f581ddbd35
INFO 2025-09-29 20:40:53,216 views 41232 45452 Successfully deleted user from Django: 961ae2ae-e55c-455e-bf5a-d5f581ddbd35
INFO 2025-09-29 20:40:53,220 basehttp 41232 45452 "DELETE /users/delete-user/ HTTP/1.1" 200 159
INFO 2025-09-29 20:44:55,989 basehttp 41232 46140 "OPTIONS /auth/signup/ HTTP/1.1" 200 0
INFO 2025-09-29 20:45:02,560 _client 41232 46140 HTTP Request: POST https://jgifsfiyhkackzkjsnsq.supabase.co/auth/v1/signup "HTTP/1.1 200 OK"
INFO 2025-09-29 20:45:10,260 _client 41232 46140 HTTP Request: POST https://jgifsfiyhkackzkjsnsq.supabase.co/rest/v1/rpc/generate_otp "HTTP/1.1 200 OK"
INFO 2025-09-29 20:45:10,272 simple_email_service 41232 46140 Sending OTP to ali.balogun@escapetech.net using provider.send_otp()
ERROR 2025-09-29 20:45:10,275 simple_email_service 41232 46140 Error sending OTP: str.format() got multiple values for keyword argument 'name'
ERROR 2025-09-29 20:45:10,281 simple_email_service 41232 46140 Traceback (most recent call last):
  File "C:\Users\aliba\Documents\Hesabu\pefoma_backend\common\simple_email_service.py", line 58, in send_otp
    return self.provider.send_otp(email, otp_code, otp_type, metadata)
           ^^^^^^^^^^^^^^^^^^^^^^^^^^^^^^^^^^^^^^^^^^^^^^^^^^^^^^^^^^^
  File "C:\Users\aliba\Documents\Hesabu\pefoma_backend\common\microsoft_graph_email.py", line 234, in send_otp
    subject, html_content, importance = self._get_otp_template(
                                        ^^^^^^^^^^^^^^^^^^^^^^^
  File "C:\Users\aliba\Documents\Hesabu\pefoma_backend\common\microsoft_graph_email.py", line 655, in _get_otp_template
    html = template['html'].format(
           ^^^^^^^^^^^^^^^^^^^^^^^^
TypeError: str.format() got multiple values for keyword argument 'name'

INFO 2025-09-29 20:45:10,291 basehttp 41232 46140 "POST /auth/signup/ HTTP/1.1" 201 249
INFO 2025-09-29 20:48:57,603 autoreload 41232 11096 C:\Users\aliba\Documents\Hesabu\pefoma_backend\common\simple_email_service.py changed, reloading.
INFO 2025-09-29 20:48:59,840 autoreload 62080 54388 Watching for file changes with StatReloader
INFO 2025-09-29 20:49:01,437 simple_email_service 62080 54388 [SUCCESS] Microsoft Graph email provider initialized
INFO 2025-09-29 20:50:58,637 autoreload 28316 59228 Watching for file changes with StatReloader
INFO 2025-09-29 20:51:00,093 simple_email_service 28316 59228 [SUCCESS] Microsoft Graph email provider initialized
INFO 2025-09-29 20:51:18,646 views 28316 59824 Attempting to delete user: 6aff68cb-c1ed-4020-8b85-056c89bd0c0e (ali.balogun@escapetech.net)
INFO 2025-09-29 20:51:22,922 _client 28316 59824 HTTP Request: DELETE https://jgifsfiyhkackzkjsnsq.supabase.co/auth/v1/admin/users/6aff68cb-c1ed-4020-8b85-056c89bd0c0e "HTTP/1.1 200 OK"
INFO 2025-09-29 20:51:22,926 views 28316 59824 Successfully deleted user from Supabase: 6aff68cb-c1ed-4020-8b85-056c89bd0c0e
INFO 2025-09-29 20:51:23,126 views 28316 59824 Successfully deleted user from Django: 6aff68cb-c1ed-4020-8b85-056c89bd0c0e
INFO 2025-09-29 20:51:23,131 basehttp 28316 59824 "DELETE /users/delete-user/ HTTP/1.1" 200 159
INFO 2025-09-29 20:51:38,453 basehttp 28316 62360 "OPTIONS /auth/logout/ HTTP/1.1" 200 0
WARNING 2025-09-29 20:51:38,466 log 28316 62360 Unauthorized: /auth/logout/
WARNING 2025-09-29 20:51:38,469 basehttp 28316 62360 "POST /auth/logout/ HTTP/1.1" 401 112
INFO 2025-09-29 20:51:38,485 basehttp 28316 62360 "OPTIONS /auth/refresh/ HTTP/1.1" 200 0
WARNING 2025-09-29 20:51:39,738 log 28316 55168 Unauthorized: /auth/logout/
WARNING 2025-09-29 20:51:39,741 basehttp 28316 55168 "POST /auth/logout/ HTTP/1.1" 401 112
WARNING 2025-09-29 20:51:41,071 log 28316 58992 Unauthorized: /auth/logout/
WARNING 2025-09-29 20:51:41,074 basehttp 28316 58992 "POST /auth/logout/ HTTP/1.1" 401 112
WARNING 2025-09-29 20:51:41,904 log 28316 61964 Unauthorized: /auth/logout/
WARNING 2025-09-29 20:51:41,910 basehttp 28316 61964 "POST /auth/logout/ HTTP/1.1" 401 112
INFO 2025-09-29 20:51:43,559 _client 28316 62360 HTTP Request: POST https://jgifsfiyhkackzkjsnsq.supabase.co/auth/v1/token?grant_type=refresh_token "HTTP/1.1 400 Bad Request"
ERROR 2025-09-29 20:51:43,569 log 28316 62360 Internal Server Error: /auth/refresh/
ERROR 2025-09-29 20:51:43,573 basehttp 28316 62360 "POST /auth/refresh/ HTTP/1.1" 500 95
INFO 2025-09-29 20:51:45,445 _client 28316 55168 HTTP Request: POST https://jgifsfiyhkackzkjsnsq.supabase.co/auth/v1/token?grant_type=refresh_token "HTTP/1.1 400 Bad Request"
ERROR 2025-09-29 20:51:45,453 log 28316 55168 Internal Server Error: /auth/refresh/
INFO 2025-09-29 20:51:45,456 basehttp 28316 55168 - Broken pipe from ('127.0.0.1', 65530)
INFO 2025-09-29 20:51:46,821 _client 28316 58992 HTTP Request: POST https://jgifsfiyhkackzkjsnsq.supabase.co/auth/v1/token?grant_type=refresh_token "HTTP/1.1 400 Bad Request"
ERROR 2025-09-29 20:51:46,826 log 28316 58992 Internal Server Error: /auth/refresh/
INFO 2025-09-29 20:51:46,829 basehttp 28316 58992 - Broken pipe from ('127.0.0.1', 49152)
INFO 2025-09-29 20:51:47,418 _client 28316 61964 HTTP Request: POST https://jgifsfiyhkackzkjsnsq.supabase.co/auth/v1/token?grant_type=refresh_token "HTTP/1.1 400 Bad Request"
ERROR 2025-09-29 20:51:47,424 log 28316 61964 Internal Server Error: /auth/refresh/
INFO 2025-09-29 20:51:47,427 basehttp 28316 61964 - Broken pipe from ('127.0.0.1', 49154)
INFO 2025-09-29 20:53:28,656 _client 28316 62360 HTTP Request: POST https://jgifsfiyhkackzkjsnsq.supabase.co/auth/v1/signup "HTTP/1.1 200 OK"
INFO 2025-09-29 20:53:36,388 _client 28316 62360 HTTP Request: POST https://jgifsfiyhkackzkjsnsq.supabase.co/rest/v1/rpc/generate_otp "HTTP/1.1 200 OK"
INFO 2025-09-29 20:53:36,399 simple_email_service 28316 62360 Sending OTP to ali.balogun@escapetech.net using provider.send_otp()
INFO 2025-09-29 20:53:37,379 microsoft_graph_email_fixed 28316 62360 Acquiring new Microsoft Graph token
INFO 2025-09-29 20:53:40,127 microsoft_graph_email_fixed 28316 62360 Microsoft Graph token acquired successfully
INFO 2025-09-29 20:53:45,656 microsoft_graph_email_fixed 28316 62360 Email sent successfully to ali.balogun@escapetech.net
INFO 2025-09-29 20:53:45,660 basehttp 28316 62360 "POST /auth/signup/ HTTP/1.1" 201 250
INFO 2025-09-29 20:56:07,499 _client 28316 28032 HTTP Request: POST https://jgifsfiyhkackzkjsnsq.supabase.co/rest/v1/rpc/verify_otp "HTTP/1.1 200 OK"
WARNING 2025-09-29 20:56:07,515 log 28316 28032 Bad Request: /auth/verify-otp/
WARNING 2025-09-29 20:56:07,518 basehttp 28316 28032 "POST /auth/verify-otp/ HTTP/1.1" 400 108
WARNING 2025-09-29 20:57:51,605 log 28316 59992 Bad Request: /auth/verify-otp/
WARNING 2025-09-29 20:57:51,608 basehttp 28316 59992 "POST /auth/verify-otp/ HTTP/1.1" 400 73
INFO 2025-09-29 20:58:19,082 _client 28316 59992 HTTP Request: POST https://jgifsfiyhkackzkjsnsq.supabase.co/rest/v1/rpc/verify_otp "HTTP/1.1 200 OK"
INFO 2025-09-29 20:58:24,402 microsoft_graph_email_fixed 28316 59992 Email sent successfully to ali.balogun@escapetech.net
INFO 2025-09-29 20:58:24,408 basehttp 28316 59992 "POST /auth/verify-otp/ HTTP/1.1" 200 101
INFO 2025-09-29 21:07:36,164 autoreload 28316 59228 C:\Users\aliba\Documents\Hesabu\pefoma_backend\manage.py changed, reloading.
INFO 2025-09-29 21:07:38,449 autoreload 39596 25576 Watching for file changes with StatReloader
INFO 2025-09-29 21:07:40,096 simple_email_service 39596 25576 [SUCCESS] Microsoft Graph email provider initialized
INFO 2025-09-29 21:09:21,908 autoreload 39596 25576 C:\Users\aliba\Documents\Hesabu\pefoma_backend\users\admin.py changed, reloading.
INFO 2025-09-29 21:09:24,093 autoreload 41312 59100 Watching for file changes with StatReloader
INFO 2025-09-29 21:09:25,677 simple_email_service 41312 59100 [SUCCESS] Microsoft Graph email provider initialized
INFO 2025-09-29 21:09:29,927 autoreload 41312 59100 C:\Users\aliba\Documents\Hesabu\pefoma_backend\users\apps.py changed, reloading.
INFO 2025-09-29 21:09:31,962 autoreload 58752 58392 Watching for file changes with StatReloader
INFO 2025-09-29 21:09:33,471 simple_email_service 58752 58392 [SUCCESS] Microsoft Graph email provider initialized
INFO 2025-09-29 21:09:49,331 autoreload 58752 58392 C:\Users\aliba\Documents\Hesabu\pefoma_backend\users\models.py changed, reloading.
INFO 2025-09-29 21:09:51,465 autoreload 52000 52456 Watching for file changes with StatReloader
INFO 2025-09-29 21:09:52,987 simple_email_service 52000 52456 [SUCCESS] Microsoft Graph email provider initialized
INFO 2025-09-29 21:39:41,780 basehttp 52000 56156 "OPTIONS /auth/forgot-password/ HTTP/1.1" 200 0
INFO 2025-09-29 21:39:50,204 _client 52000 56156 HTTP Request: POST https://jgifsfiyhkackzkjsnsq.supabase.co/rest/v1/rpc/generate_otp "HTTP/1.1 200 OK"
INFO 2025-09-29 21:39:50,223 simple_email_service 52000 56156 Sending OTP to ali.balogun@escapetech.net using provider.send_otp()
INFO 2025-09-29 21:39:54,086 microsoft_graph_email_fixed 52000 56156 Email sent successfully to ali.balogun@escapetech.net
INFO 2025-09-29 21:39:54,091 basehttp 52000 56156 "POST /auth/forgot-password/ HTTP/1.1" 200 147
INFO 2025-09-29 21:40:34,924 basehttp 52000 56156 "OPTIONS /auth/verify-otp/ HTTP/1.1" 200 0
INFO 2025-09-29 21:40:40,653 _client 52000 56156 HTTP Request: POST https://jgifsfiyhkackzkjsnsq.supabase.co/rest/v1/rpc/verify_otp "HTTP/1.1 200 OK"
INFO 2025-09-29 21:40:40,661 basehttp 52000 56156 "POST /auth/verify-otp/ HTTP/1.1" 200 101
INFO 2025-10-04 07:32:04,971 autoreload 37940 64760 Watching for file changes with StatReloader
INFO 2025-10-04 07:32:08,375 simple_email_service 37940 64760 [SUCCESS] Microsoft Graph email provider initialized
INFO 2025-10-04 07:38:55,687 basehttp 37940 16860 "OPTIONS /auth/signup/ HTTP/1.1" 200 0
INFO 2025-10-04 07:39:01,197 _client 37940 16860 HTTP Request: POST https://jgifsfiyhkackzkjsnsq.supabase.co/auth/v1/signup "HTTP/1.1 200 OK"
INFO 2025-10-04 07:39:08,664 _client 37940 16860 HTTP Request: POST https://jgifsfiyhkackzkjsnsq.supabase.co/rest/v1/rpc/generate_otp "HTTP/1.1 200 OK"
INFO 2025-10-04 07:39:08,680 simple_email_service 37940 16860 Sending OTP to ali.balogun@escapetech.net using provider.send_otp()
INFO 2025-10-04 07:39:10,079 microsoft_graph_email_fixed 37940 16860 Acquiring new Microsoft Graph token
INFO 2025-10-04 07:39:12,294 microsoft_graph_email_fixed 37940 16860 Microsoft Graph token acquired successfully
INFO 2025-10-04 07:39:16,383 microsoft_graph_email_fixed 37940 16860 Email sent successfully to ali.balogun@escapetech.net
INFO 2025-10-04 07:39:16,390 basehttp 37940 16860 "POST /auth/signup/ HTTP/1.1" 201 256
INFO 2025-10-04 08:16:14,704 basehttp 37940 64404 "OPTIONS /auth/forgot-password/ HTTP/1.1" 200 0
INFO 2025-10-04 08:16:22,575 _client 37940 64404 HTTP Request: POST https://jgifsfiyhkackzkjsnsq.supabase.co/rest/v1/rpc/generate_otp "HTTP/1.1 200 OK"
INFO 2025-10-04 08:16:22,586 simple_email_service 37940 64404 Sending OTP to ali.balogun@escapetech.net using provider.send_otp()
INFO 2025-10-04 08:16:27,568 microsoft_graph_email_fixed 37940 64404 Email sent successfully to ali.balogun@escapetech.net
INFO 2025-10-04 08:16:27,575 basehttp 37940 64404 "POST /auth/forgot-password/ HTTP/1.1" 200 147
INFO 2025-10-04 15:57:53,255 autoreload 2640 58780 Watching for file changes with StatReloader
INFO 2025-10-04 15:57:55,244 simple_email_service 2640 58780 [SUCCESS] Microsoft Graph email provider initialized
WARNING 2025-10-04 16:00:46,087 log 2640 14004 Not Found: /api/docs
WARNING 2025-10-04 16:00:46,091 basehttp 2640 14004 "GET /api/docs HTTP/1.1" 404 3191
WARNING 2025-10-04 16:00:46,666 log 2640 14004 Not Found: /favicon.ico
WARNING 2025-10-04 16:00:46,671 basehttp 2640 14004 "GET /favicon.ico HTTP/1.1" 404 2982
WARNING 2025-10-04 16:00:48,338 log 2640 60616 Not Found: /favicon.ico
WARNING 2025-10-04 16:00:48,341 basehttp 2640 60616 "GET /favicon.ico HTTP/1.1" 404 2982
WARNING 2025-10-04 16:00:50,983 log 2640 14004 Not Found: /api/docs
WARNING 2025-10-04 16:00:50,986 basehttp 2640 14004 "GET /api/docs HTTP/1.1" 404 3191
INFO 2025-10-04 16:01:04,618 basehttp 2640 14004 "GET /admin/auth/user/ HTTP/1.1" 302 0
INFO 2025-10-04 16:01:05,096 basehttp 2640 14004 "GET /admin/login/?next=/admin/auth/user/ HTTP/1.1" 200 4201
WARNING 2025-10-04 16:01:05,322 log 2640 60616 Not Found: /favicon.ico
WARNING 2025-10-04 16:01:05,326 basehttp 2640 60616 "GET /favicon.ico HTTP/1.1" 404 2982
INFO 2025-10-04 16:01:05,447 basehttp 2640 14004 "GET /static/admin/css/base.css HTTP/1.1" 304 0
INFO 2025-10-04 16:01:05,450 basehttp 2640 41472 "GET /static/admin/css/dark_mode.css HTTP/1.1" 304 0
INFO 2025-10-04 16:01:05,453 basehttp 2640 62584 "GET /static/admin/css/nav_sidebar.css HTTP/1.1" 304 0
INFO 2025-10-04 16:01:05,458 basehttp 2640 14004 "GET /static/admin/css/login.css HTTP/1.1" 304 0
INFO 2025-10-04 16:01:05,481 basehttp 2640 41472 "GET /static/admin/css/responsive.css HTTP/1.1" 304 0
INFO 2025-10-04 16:01:05,679 basehttp 2640 41472 "GET /static/admin/js/theme.js HTTP/1.1" 304 0
INFO 2025-10-04 16:01:05,679 basehttp 2640 14004 "GET /static/admin/js/nav_sidebar.js HTTP/1.1" 304 0
INFO 2025-10-04 16:15:17,807 basehttp 2640 56588 "OPTIONS /auth/signup/ HTTP/1.1" 200 0
INFO 2025-10-04 16:15:23,973 _client 2640 56588 HTTP Request: POST https://jgifsfiyhkackzkjsnsq.supabase.co/auth/v1/signup "HTTP/1.1 200 OK"
INFO 2025-10-04 16:15:33,397 _client 2640 56588 HTTP Request: POST https://jgifsfiyhkackzkjsnsq.supabase.co/rest/v1/rpc/generate_otp "HTTP/1.1 200 OK"
INFO 2025-10-04 16:15:33,411 simple_email_service 2640 56588 Sending OTP to ali.balogun@escapetech.net using provider.send_otp()
INFO 2025-10-04 16:15:34,411 microsoft_graph_email_fixed 2640 56588 Acquiring new Microsoft Graph token
INFO 2025-10-04 16:15:37,638 microsoft_graph_email_fixed 2640 56588 Microsoft Graph token acquired successfully
INFO 2025-10-04 16:15:41,342 microsoft_graph_email_fixed 2640 56588 Email sent successfully to ali.balogun@escapetech.net
INFO 2025-10-04 16:15:41,348 basehttp 2640 56588 "POST /auth/signup/ HTTP/1.1" 201 256
INFO 2025-10-04 16:21:49,421 _client 2640 16020 HTTP Request: POST https://jgifsfiyhkackzkjsnsq.supabase.co/auth/v1/signup "HTTP/1.1 200 OK"
INFO 2025-10-04 16:21:56,640 _client 2640 16020 HTTP Request: POST https://jgifsfiyhkackzkjsnsq.supabase.co/rest/v1/rpc/generate_otp "HTTP/1.1 200 OK"
INFO 2025-10-04 16:21:56,649 simple_email_service 2640 16020 Sending OTP to ali.balogun@escapetech.net using provider.send_otp()
INFO 2025-10-04 16:22:00,452 microsoft_graph_email_fixed 2640 16020 Email sent successfully to ali.balogun@escapetech.net
INFO 2025-10-04 16:22:00,462 basehttp 2640 16020 "POST /auth/signup/ HTTP/1.1" 201 256
INFO 2025-10-04 17:25:04,630 _client 2640 2144 HTTP Request: POST https://jgifsfiyhkackzkjsnsq.supabase.co/auth/v1/signup "HTTP/1.1 200 OK"
INFO 2025-10-04 17:25:12,273 _client 2640 2144 HTTP Request: POST https://jgifsfiyhkackzkjsnsq.supabase.co/rest/v1/rpc/generate_otp "HTTP/1.1 200 OK"
INFO 2025-10-04 17:25:12,287 simple_email_service 2640 2144 Sending OTP to ali.balogun@escapetech.net using provider.send_otp()
INFO 2025-10-04 17:25:13,260 microsoft_graph_email_fixed 2640 2144 Acquiring new Microsoft Graph token
INFO 2025-10-04 17:25:16,007 microsoft_graph_email_fixed 2640 2144 Microsoft Graph token acquired successfully
INFO 2025-10-04 17:25:19,293 microsoft_graph_email_fixed 2640 2144 Email sent successfully to ali.balogun@escapetech.net
INFO 2025-10-04 17:25:19,301 basehttp 2640 2144 "POST /auth/signup/ HTTP/1.1" 201 256
INFO 2025-10-04 17:43:00,152 _client 2640 53060 HTTP Request: POST https://jgifsfiyhkackzkjsnsq.supabase.co/auth/v1/signup "HTTP/1.1 200 OK"
INFO 2025-10-04 17:43:07,496 _client 2640 53060 HTTP Request: POST https://jgifsfiyhkackzkjsnsq.supabase.co/rest/v1/rpc/generate_otp "HTTP/1.1 200 OK"
INFO 2025-10-04 17:43:07,509 simple_email_service 2640 53060 Sending OTP to alibalogun996@gmail.com using provider.send_otp()
INFO 2025-10-04 17:43:11,092 microsoft_graph_email_fixed 2640 53060 Email sent successfully to alibalogun996@gmail.com
INFO 2025-10-04 17:43:11,098 basehttp 2640 53060 "POST /auth/signup/ HTTP/1.1" 201 251
INFO 2025-10-05 09:46:30,432 basehttp 2640 65700 "OPTIONS /auth/signup/ HTTP/1.1" 200 0
INFO 2025-10-05 09:46:35,949 _client 2640 65700 HTTP Request: POST https://jgifsfiyhkackzkjsnsq.supabase.co/auth/v1/signup "HTTP/1.1 200 OK"
INFO 2025-10-05 09:46:43,398 _client 2640 65700 HTTP Request: POST https://jgifsfiyhkackzkjsnsq.supabase.co/rest/v1/rpc/generate_otp "HTTP/1.1 200 OK"
INFO 2025-10-05 09:46:43,430 simple_email_service 2640 65700 Sending OTP to friday-pecan-tasty@duck.com using provider.send_otp()
INFO 2025-10-05 09:46:44,026 microsoft_graph_email_fixed 2640 65700 Acquiring new Microsoft Graph token
INFO 2025-10-05 09:46:46,610 microsoft_graph_email_fixed 2640 65700 Microsoft Graph token acquired successfully
INFO 2025-10-05 09:46:50,016 microsoft_graph_email_fixed 2640 65700 Email sent successfully to friday-pecan-tasty@duck.com
INFO 2025-10-05 09:46:50,024 basehttp 2640 65700 "POST /auth/signup/ HTTP/1.1" 201 251
INFO 2025-10-05 20:23:42,354 basehttp 2640 59728 "OPTIONS /auth/login/ HTTP/1.1" 200 0
WARNING 2025-10-05 20:24:03,968 log 2640 59728 Unauthorized: /auth/login/
WARNING 2025-10-05 20:24:03,971 basehttp 2640 59728 "POST /auth/login/ HTTP/1.1" 401 77
INFO 2025-10-05 20:25:14,884 basehttp 2640 59728 "OPTIONS /auth/signup/ HTTP/1.1" 200 0
WARNING 2025-10-05 20:25:28,399 log 2640 59728 Bad Request: /auth/signup/
WARNING 2025-10-05 20:25:28,402 basehttp 2640 59728 "POST /auth/signup/ HTTP/1.1" 400 82
WARNING 2025-10-05 20:25:58,854 log 2640 59728 Bad Request: /auth/signup/
WARNING 2025-10-05 20:25:58,857 basehttp 2640 59728 "POST /auth/signup/ HTTP/1.1" 400 82
INFO 2025-10-05 20:30:02,349 _client 2640 59728 HTTP Request: POST https://jgifsfiyhkackzkjsnsq.supabase.co/auth/v1/signup "HTTP/1.1 200 OK"
INFO 2025-10-05 20:30:11,713 _client 2640 59728 HTTP Request: POST https://jgifsfiyhkackzkjsnsq.supabase.co/rest/v1/rpc/generate_otp "HTTP/1.1 200 OK"
INFO 2025-10-05 20:30:11,755 simple_email_service 2640 59728 Sending OTP to grain-tummy-stucco@duck.com using provider.send_otp()
INFO 2025-10-05 20:30:12,724 microsoft_graph_email_fixed 2640 59728 Acquiring new Microsoft Graph token
INFO 2025-10-05 20:30:16,390 microsoft_graph_email_fixed 2640 59728 Microsoft Graph token acquired successfully
INFO 2025-10-05 20:30:20,788 microsoft_graph_email_fixed 2640 59728 Email sent successfully to grain-tummy-stucco@duck.com
INFO 2025-10-05 20:30:20,795 basehttp 2640 59728 "POST /auth/signup/ HTTP/1.1" 201 256
INFO 2025-10-05 22:33:47,646 basehttp 2640 64812 "OPTIONS /auth/resend-otp/ HTTP/1.1" 200 0
ERROR 2025-10-05 22:33:47,710 log 2640 64812 Internal Server Error: /auth/resend-otp/
ERROR 2025-10-05 22:33:47,715 basehttp 2640 64812 "POST /auth/resend-otp/ HTTP/1.1" 500 121
INFO 2025-10-06 11:47:04,451 autoreload 2640 58780 C:\Users\aliba\Documents\Hesabu\pefoma_backend\auth_integration\views.py changed, reloading.
INFO 2025-10-06 11:47:09,203 autoreload 35184 50236 Watching for file changes with StatReloader
INFO 2025-10-06 11:47:12,596 simple_email_service 35184 50236 [SUCCESS] Microsoft Graph email provider initialized
INFO 2025-10-06 11:47:27,746 autoreload 63400 65628 Watching for file changes with StatReloader
INFO 2025-10-06 11:47:29,324 simple_email_service 63400 65628 [SUCCESS] Microsoft Graph email provider initialized
INFO 2025-10-06 21:42:14,114 autoreload 63400 65628 C:\Users\aliba\Documents\Hesabu\pefoma_backend\api\urls.py changed, reloading.
INFO 2025-10-06 21:42:17,661 autoreload 23036 30128 Watching for file changes with StatReloader
INFO 2025-10-06 21:42:20,857 simple_email_service 23036 30128 [SUCCESS] Microsoft Graph email provider initialized
INFO 2025-10-06 22:08:19,714 autoreload 23036 30128 C:\Users\aliba\Documents\Hesabu\pefoma_backend\api\views.py changed, reloading.
INFO 2025-10-06 22:08:21,857 autoreload 5668 22876 Watching for file changes with StatReloader
INFO 2025-10-06 22:08:23,495 simple_email_service 5668 22876 [SUCCESS] Microsoft Graph email provider initialized
INFO 2025-10-07 08:00:04,987 simple_email_service 17868 60316 [SUCCESS] Microsoft Graph email provider initialized
INFO 2025-10-07 08:07:50,288 simple_email_service 47168 49240 [SUCCESS] Microsoft Graph email provider initialized
INFO 2025-10-07 14:29:23,941 simple_email_service 24412 32032 [SUCCESS] Microsoft Graph email provider initialized
INFO 2025-10-07 14:32:27,694 simple_email_service 44980 45680 [SUCCESS] Microsoft Graph email provider initialized
INFO 2025-10-07 15:09:13,619 simple_email_service 58524 2500 [SUCCESS] Microsoft Graph email provider initialized
INFO 2025-10-07 15:09:29,489 simple_email_service 37704 60008 [SUCCESS] Microsoft Graph email provider initialized
INFO 2025-10-07 15:17:09,128 simple_email_service 33664 58424 [SUCCESS] Microsoft Graph email provider initialized
INFO 2025-10-07 16:01:58,260 simple_email_service 50224 56196 [SUCCESS] Microsoft Graph email provider initialized
INFO 2025-10-07 16:02:24,622 autoreload 5380 39636 Watching for file changes with StatReloader
INFO 2025-10-07 16:02:26,146 simple_email_service 5380 39636 [SUCCESS] Microsoft Graph email provider initialized
INFO 2025-10-07 16:25:05,283 basehttp 5380 66624 "OPTIONS /auth/signup/ HTTP/1.1" 200 0
INFO 2025-10-07 16:25:11,990 _client 5380 66624 HTTP Request: POST https://jgifsfiyhkackzkjsnsq.supabase.co/auth/v1/signup "HTTP/1.1 200 OK"
INFO 2025-10-07 16:25:17,221 _client 5380 66624 HTTP Request: POST https://jgifsfiyhkackzkjsnsq.supabase.co/rest/v1/rpc/generate_otp "HTTP/1.1 200 OK"
INFO 2025-10-07 16:25:17,231 simple_email_service 5380 66624 Sending OTP to alibalogun996@gmail.com using provider.send_otp()
INFO 2025-10-07 16:25:17,948 microsoft_graph_email_fixed 5380 66624 Acquiring new Microsoft Graph token
INFO 2025-10-07 16:25:19,508 microsoft_graph_email_fixed 5380 66624 Microsoft Graph token acquired successfully
INFO 2025-10-07 16:25:21,996 microsoft_graph_email_fixed 5380 66624 Email sent successfully to alibalogun996@gmail.com
INFO 2025-10-07 16:25:21,999 basehttp 5380 66624 "POST /auth/signup/ HTTP/1.1" 201 250
INFO 2025-10-07 16:25:54,416 basehttp 5380 66624 "OPTIONS /auth/verify-otp/ HTTP/1.1" 200 0
INFO 2025-10-07 16:26:00,074 _client 5380 66624 HTTP Request: POST https://jgifsfiyhkackzkjsnsq.supabase.co/rest/v1/rpc/verify_otp "HTTP/1.1 200 OK"
WARNING 2025-10-07 16:26:00,082 log 5380 66624 Bad Request: /auth/verify-otp/
WARNING 2025-10-07 16:26:00,085 basehttp 5380 66624 "POST /auth/verify-otp/ HTTP/1.1" 400 108
INFO 2025-10-07 16:27:16,991 _client 5380 66624 HTTP Request: POST https://jgifsfiyhkackzkjsnsq.supabase.co/rest/v1/rpc/verify_otp "HTTP/1.1 200 OK"
WARNING 2025-10-07 16:27:16,998 log 5380 66624 Bad Request: /auth/verify-otp/
WARNING 2025-10-07 16:27:17,000 basehttp 5380 66624 "POST /auth/verify-otp/ HTTP/1.1" 400 108
INFO 2025-10-07 17:16:47,805 basehttp 5380 15816 "OPTIONS /auth/resend-otp/ HTTP/1.1" 200 0
INFO 2025-10-07 17:16:55,541 _client 5380 15816 HTTP Request: POST https://jgifsfiyhkackzkjsnsq.supabase.co/rest/v1/rpc/generate_otp "HTTP/1.1 200 OK"
INFO 2025-10-07 17:16:56,906 simple_email_service 5380 15816 Sending OTP to alibalogun996@gmail.com using provider.send_otp()
INFO 2025-10-07 17:17:00,401 microsoft_graph_email_fixed 5380 15816 Email sent successfully to alibalogun996@gmail.com
INFO 2025-10-07 17:17:00,412 basehttp 5380 15816 "POST /auth/resend-otp/ HTTP/1.1" 200 171
