Watching for file changes with StatReloader
Not Found: /
"GET / HTTP/1.1" 404 2510
Not Found: /favicon.ico
"GET /favicon.ico HTTP/1.1" 404 2561
Not Found: /favicon.ico
"GET /favicon.ico HTTP/1.1" 404 2561
Not Found: /api/docs
"GET /api/docs HTTP/1.1" 404 2770
Not Found: /favicon.ico
"GET /favicon.ico HTTP/1.1" 404 2561
Not Found: /favicon.ico
"GET /favicon.ico HTTP/1.1" 404 2561
Not Found: /api/docs
"GET /api/docs HTTP/1.1" 404 2770
Not Found: /favicon.ico
"GET /favicon.ico HTTP/1.1" 404 2561
Not Found: /docs
"GET /docs HTTP/1.1" 404 2540
Not Found: /favicon.ico
"GET /favicon.ico HTTP/1.1" 404 2561
Not Found: /api/docs
"GET /api/docs HTTP/1.1" 404 2770
Not Found: /favicon.ico
"GET /favicon.ico HTTP/1.1" 404 2561
"GET /admin/ HTTP/1.1" 302 0
"GET /admin/login/?next=/admin/ HTTP/1.1" 200 4181
Not Found: /favicon.ico
"GET /favicon.ico HTTP/1.1" 404 2561
"GET /static/admin/css/base.css HTTP/1.1" 200 21207
"GET /static/admin/css/dark_mode.css HTTP/1.1" 200 2929
"GET /static/admin/css/nav_sidebar.css HTTP/1.1" 200 2694
"GET /static/admin/css/responsive.css HTTP/1.1" 200 18533
"GET /static/admin/css/login.css HTTP/1.1" 200 958
"GET /static/admin/js/nav_sidebar.js HTTP/1.1" 200 3063
"GET /static/admin/js/theme.js HTTP/1.1" 200 1943
Not Found: /
"GET / HTTP/1.1" 404 2510
Not Found: /favicon.ico
"GET /favicon.ico HTTP/1.1" 404 2561
"GET /api/ HTTP/1.1" 200 595
Not Found: /favicon.ico
"GET /favicon.ico HTTP/1.1" 404 2561
Not Found: /docs/
"GET /docs/ HTTP/1.1" 404 2543
Not Found: /favicon.ico
"GET /favicon.ico HTTP/1.1" 404 2561
Not Found: /users/
"GET /users/ HTTP/1.1" 404 3398
Not Found: /favicon.ico
"GET /favicon.ico HTTP/1.1" 404 2561
Watching for file changes with StatReloader
"GET /admin/ HTTP/1.1" 302 0
"GET /admin/login/?next=/admin/ HTTP/1.1" 200 4181
"GET /static/admin/css/base.css HTTP/1.1" 200 21207
"GET /static/admin/css/nav_sidebar.css HTTP/1.1" 200 2694
"GET /static/admin/css/dark_mode.css HTTP/1.1" 200 2929
"GET /static/admin/js/theme.js HTTP/1.1" 200 1943
"GET /static/admin/js/nav_sidebar.js HTTP/1.1" 200 3063
"GET /static/admin/css/responsive.css HTTP/1.1" 200 18533
"GET /static/admin/css/login.css HTTP/1.1" 200 958
Not Found: /favicon.ico
"GET /favicon.ico HTTP/1.1" 404 2561
"POST /admin/login/?next=/admin/ HTTP/1.1" 302 0
"GET /admin/ HTTP/1.1" 200 6240
Not Found: /favicon.ico
"GET /favicon.ico HTTP/1.1" 404 2561
"GET /static/admin/css/dashboard.css HTTP/1.1" 200 441
"GET /static/admin/img/icon-changelink.svg HTTP/1.1" 200 380
"GET /static/admin/img/icon-addlink.svg HTTP/1.1" 200 331
"GET /admin/auth/user/ HTTP/1.1" 200 11034
Not Found: /favicon.ico
"GET /favicon.ico HTTP/1.1" 404 2561
"GET /static/admin/css/changelists.css HTTP/1.1" 200 6566
"GET /static/admin/js/jquery.init.js HTTP/1.1" 200 347
"GET /static/admin/js/core.js HTTP/1.1" 200 5682
"GET /static/admin/js/actions.js HTTP/1.1" 200 7872
"GET /static/admin/js/admin/RelatedObjectLookups.js HTTP/1.1" 200 8943
"GET /static/admin/js/urlify.js HTTP/1.1" 200 7887
"GET /static/admin/js/prepopulate.js HTTP/1.1" 200 1531
"GET /static/admin/js/vendor/jquery/jquery.js HTTP/1.1" 200 292458
"GET /static/admin/img/search.svg HTTP/1.1" 200 458
"GET /static/admin/img/icon-yes.svg HTTP/1.1" 200 436
"GET /static/admin/js/vendor/xregexp/xregexp.js HTTP/1.1" 200 232381
"GET /static/admin/js/filters.js HTTP/1.1" 200 978
"GET /admin/jsi18n/ HTTP/1.1" 200 3343
"GET /static/admin/img/tooltag-add.svg HTTP/1.1" 200 331
"GET /static/admin/img/sorting-icons.svg HTTP/1.1" 200 1097
Internal Server Error: /admin/users/profile/
Traceback (most recent call last):
  File "c:\Users\aliba\Documents\Hesabu\pefoma_backend\.venv\Lib\site-packages\django\db\backends\utils.py", line 89, in _execute
    return self.cursor.execute(sql, params)
           ^^^^^^^^^^^^^^^^^^^^^^^^^^^^^^^^
psycopg2.errors.UndefinedColumn: column profiles.user_timezone does not exist
LINE 1: ..._url", "profiles"."theme", "profiles"."language", "profiles"...
                                                             ^


The above exception was the direct cause of the following exception:

Traceback (most recent call last):
  File "c:\Users\aliba\Documents\Hesabu\pefoma_backend\.venv\Lib\site-packages\django\core\handlers\exception.py", line 55, in inner
    response = get_response(request)
               ^^^^^^^^^^^^^^^^^^^^^
  File "c:\Users\aliba\Documents\Hesabu\pefoma_backend\.venv\Lib\site-packages\django\core\handlers\base.py", line 197, in _get_response
    response = wrapped_callback(request, *callback_args, **callback_kwargs)
               ^^^^^^^^^^^^^^^^^^^^^^^^^^^^^^^^^^^^^^^^^^^^^^^^^^^^^^^^^^^^
  File "c:\Users\aliba\Documents\Hesabu\pefoma_backend\.venv\Lib\site-packages\django\contrib\admin\options.py", line 688, in wrapper
    return self.admin_site.admin_view(view)(*args, **kwargs)
           ^^^^^^^^^^^^^^^^^^^^^^^^^^^^^^^^^^^^^^^^^^^^^^^^^
  File "c:\Users\aliba\Documents\Hesabu\pefoma_backend\.venv\Lib\site-packages\django\utils\decorators.py", line 134, in _wrapper_view
    response = view_func(request, *args, **kwargs)
               ^^^^^^^^^^^^^^^^^^^^^^^^^^^^^^^^^^^
  File "c:\Users\aliba\Documents\Hesabu\pefoma_backend\.venv\Lib\site-packages\django\views\decorators\cache.py", line 62, in _wrapper_view_func
    response = view_func(request, *args, **kwargs)
               ^^^^^^^^^^^^^^^^^^^^^^^^^^^^^^^^^^^
  File "c:\Users\aliba\Documents\Hesabu\pefoma_backend\.venv\Lib\site-packages\django\contrib\admin\sites.py", line 242, in inner
    return view(request, *args, **kwargs)
           ^^^^^^^^^^^^^^^^^^^^^^^^^^^^^^
  File "c:\Users\aliba\Documents\Hesabu\pefoma_backend\.venv\Lib\site-packages\django\utils\decorators.py", line 46, in _wrapper
    return bound_method(*args, **kwargs)
           ^^^^^^^^^^^^^^^^^^^^^^^^^^^^^
  File "c:\Users\aliba\Documents\Hesabu\pefoma_backend\.venv\Lib\site-packages\django\utils\decorators.py", line 134, in _wrapper_view
    response = view_func(request, *args, **kwargs)
               ^^^^^^^^^^^^^^^^^^^^^^^^^^^^^^^^^^^
  File "c:\Users\aliba\Documents\Hesabu\pefoma_backend\.venv\Lib\site-packages\django\contrib\admin\options.py", line 2065, in changelist_view
    "selection_note": _("0 of %(cnt)s selected") % {"cnt": len(cl.result_list)},
                                                           ^^^^^^^^^^^^^^^^^^^
  File "c:\Users\aliba\Documents\Hesabu\pefoma_backend\.venv\Lib\site-packages\django\db\models\query.py", line 380, in __len__
    self._fetch_all()
  File "c:\Users\aliba\Documents\Hesabu\pefoma_backend\.venv\Lib\site-packages\django\db\models\query.py", line 1881, in _fetch_all
    self._result_cache = list(self._iterable_class(self))
                         ^^^^^^^^^^^^^^^^^^^^^^^^^^^^^^^^
  File "c:\Users\aliba\Documents\Hesabu\pefoma_backend\.venv\Lib\site-packages\django\db\models\query.py", line 91, in __iter__
    results = compiler.execute_sql(
              ^^^^^^^^^^^^^^^^^^^^^
  File "c:\Users\aliba\Documents\Hesabu\pefoma_backend\.venv\Lib\site-packages\django\db\models\sql\compiler.py", line 1562, in execute_sql
    cursor.execute(sql, params)
  File "c:\Users\aliba\Documents\Hesabu\pefoma_backend\.venv\Lib\site-packages\django\db\backends\utils.py", line 102, in execute
    return super().execute(sql, params)
           ^^^^^^^^^^^^^^^^^^^^^^^^^^^^
  File "c:\Users\aliba\Documents\Hesabu\pefoma_backend\.venv\Lib\site-packages\django\db\backends\utils.py", line 67, in execute
    return self._execute_with_wrappers(
           ^^^^^^^^^^^^^^^^^^^^^^^^^^^^
  File "c:\Users\aliba\Documents\Hesabu\pefoma_backend\.venv\Lib\site-packages\django\db\backends\utils.py", line 80, in _execute_with_wrappers
    return executor(sql, params, many, context)
           ^^^^^^^^^^^^^^^^^^^^^^^^^^^^^^^^^^^^
  File "c:\Users\aliba\Documents\Hesabu\pefoma_backend\.venv\Lib\site-packages\django\db\backends\utils.py", line 84, in _execute
    with self.db.wrap_database_errors:
  File "c:\Users\aliba\Documents\Hesabu\pefoma_backend\.venv\Lib\site-packages\django\db\utils.py", line 91, in __exit__
    raise dj_exc_value.with_traceback(traceback) from exc_value
  File "c:\Users\aliba\Documents\Hesabu\pefoma_backend\.venv\Lib\site-packages\django\db\backends\utils.py", line 89, in _execute
    return self.cursor.execute(sql, params)
           ^^^^^^^^^^^^^^^^^^^^^^^^^^^^^^^^
django.db.utils.ProgrammingError: column profiles.user_timezone does not exist
LINE 1: ..._url", "profiles"."theme", "profiles"."language", "profiles"...
                                                             ^

"GET /admin/users/profile/ HTTP/1.1" 500 167827
Not Found: /favicon.ico
"GET /favicon.ico HTTP/1.1" 404 2561
C:\Users\aliba\Documents\Hesabu\pefoma_backend\users\models.py changed, reloading.
Watching for file changes with StatReloader
C:\Users\aliba\Documents\Hesabu\pefoma_backend\users\models.py changed, reloading.
Watching for file changes with StatReloader
C:\Users\aliba\Documents\Hesabu\pefoma_backend\users\models.py changed, reloading.
Watching for file changes with StatReloader
Internal Server Error: /admin/users/profile/
Traceback (most recent call last):
  File "c:\Users\aliba\Documents\Hesabu\pefoma_backend\.venv\Lib\site-packages\django\contrib\sessions\backends\base.py", line 187, in _get_session
    return self._session_cache
           ^^^^^^^^^^^^^^^^^^^
AttributeError: 'SessionStore' object has no attribute '_session_cache'

During handling of the above exception, another exception occurred:

Traceback (most recent call last):
  File "c:\Users\aliba\Documents\Hesabu\pefoma_backend\.venv\Lib\site-packages\django\db\backends\base\base.py", line 289, in ensure_connection
    self.connect()
  File "c:\Users\aliba\Documents\Hesabu\pefoma_backend\.venv\Lib\site-packages\django\utils\asyncio.py", line 26, in inner
    return func(*args, **kwargs)
           ^^^^^^^^^^^^^^^^^^^^^
  File "c:\Users\aliba\Documents\Hesabu\pefoma_backend\.venv\Lib\site-packages\django\db\backends\base\base.py", line 270, in connect
    self.connection = self.get_new_connection(conn_params)
                      ^^^^^^^^^^^^^^^^^^^^^^^^^^^^^^^^^^^^
  File "c:\Users\aliba\Documents\Hesabu\pefoma_backend\.venv\Lib\site-packages\django\utils\asyncio.py", line 26, in inner
    return func(*args, **kwargs)
           ^^^^^^^^^^^^^^^^^^^^^
  File "c:\Users\aliba\Documents\Hesabu\pefoma_backend\.venv\Lib\site-packages\django\db\backends\postgresql\base.py", line 275, in get_new_connection
    connection = self.Database.connect(**conn_params)
                 ^^^^^^^^^^^^^^^^^^^^^^^^^^^^^^^^^^^^
  File "c:\Users\aliba\Documents\Hesabu\pefoma_backend\.venv\Lib\site-packages\psycopg2\__init__.py", line 122, in connect
    conn = _connect(dsn, connection_factory=connection_factory, **kwasync)
           ^^^^^^^^^^^^^^^^^^^^^^^^^^^^^^^^^^^^^^^^^^^^^^^^^^^^^^^^^^^^^^^
psycopg2.OperationalError: connection to server at "aws-1-eu-north-1.pooler.supabase.com" (51.21.18.29), port 5432 failed: Connection timed out (0x0000274C/10060)
	Is the server running on that host and accepting TCP/IP connections?
connection to server at "aws-1-eu-north-1.pooler.supabase.com" (13.60.102.132), port 5432 failed: Connection timed out (0x0000274C/10060)
	Is the server running on that host and accepting TCP/IP connections?


The above exception was the direct cause of the following exception:

Traceback (most recent call last):
  File "c:\Users\aliba\Documents\Hesabu\pefoma_backend\.venv\Lib\site-packages\django\core\handlers\exception.py", line 55, in inner
    response = get_response(request)
               ^^^^^^^^^^^^^^^^^^^^^
  File "c:\Users\aliba\Documents\Hesabu\pefoma_backend\.venv\Lib\site-packages\django\core\handlers\base.py", line 197, in _get_response
    response = wrapped_callback(request, *callback_args, **callback_kwargs)
               ^^^^^^^^^^^^^^^^^^^^^^^^^^^^^^^^^^^^^^^^^^^^^^^^^^^^^^^^^^^^
  File "c:\Users\aliba\Documents\Hesabu\pefoma_backend\.venv\Lib\site-packages\django\contrib\admin\options.py", line 688, in wrapper
    return self.admin_site.admin_view(view)(*args, **kwargs)
           ^^^^^^^^^^^^^^^^^^^^^^^^^^^^^^^^^^^^^^^^^^^^^^^^^
  File "c:\Users\aliba\Documents\Hesabu\pefoma_backend\.venv\Lib\site-packages\django\utils\decorators.py", line 134, in _wrapper_view
    response = view_func(request, *args, **kwargs)
               ^^^^^^^^^^^^^^^^^^^^^^^^^^^^^^^^^^^
  File "c:\Users\aliba\Documents\Hesabu\pefoma_backend\.venv\Lib\site-packages\django\views\decorators\cache.py", line 62, in _wrapper_view_func
    response = view_func(request, *args, **kwargs)
               ^^^^^^^^^^^^^^^^^^^^^^^^^^^^^^^^^^^
  File "c:\Users\aliba\Documents\Hesabu\pefoma_backend\.venv\Lib\site-packages\django\contrib\admin\sites.py", line 230, in inner
    if not self.has_permission(request):
           ^^^^^^^^^^^^^^^^^^^^^^^^^^^^
  File "c:\Users\aliba\Documents\Hesabu\pefoma_backend\.venv\Lib\site-packages\django\contrib\admin\sites.py", line 203, in has_permission
    return request.user.is_active and request.user.is_staff
           ^^^^^^^^^^^^^^^^^^^^^^
  File "c:\Users\aliba\Documents\Hesabu\pefoma_backend\.venv\Lib\site-packages\django\utils\functional.py", line 266, in inner
    self._setup()
  File "c:\Users\aliba\Documents\Hesabu\pefoma_backend\.venv\Lib\site-packages\django\utils\functional.py", line 419, in _setup
    self._wrapped = self._setupfunc()
                    ^^^^^^^^^^^^^^^^^
  File "c:\Users\aliba\Documents\Hesabu\pefoma_backend\.venv\Lib\site-packages\django\contrib\auth\middleware.py", line 25, in <lambda>
    request.user = SimpleLazyObject(lambda: get_user(request))
                                            ^^^^^^^^^^^^^^^^^
  File "c:\Users\aliba\Documents\Hesabu\pefoma_backend\.venv\Lib\site-packages\django\contrib\auth\middleware.py", line 11, in get_user
    request._cached_user = auth.get_user(request)
                           ^^^^^^^^^^^^^^^^^^^^^^
  File "c:\Users\aliba\Documents\Hesabu\pefoma_backend\.venv\Lib\site-packages\django\contrib\auth\__init__.py", line 191, in get_user
    user_id = _get_user_session_key(request)
              ^^^^^^^^^^^^^^^^^^^^^^^^^^^^^^
  File "c:\Users\aliba\Documents\Hesabu\pefoma_backend\.venv\Lib\site-packages\django\contrib\auth\__init__.py", line 60, in _get_user_session_key
    return get_user_model()._meta.pk.to_python(request.session[SESSION_KEY])
                                               ~~~~~~~~~~~~~~~^^^^^^^^^^^^^
  File "c:\Users\aliba\Documents\Hesabu\pefoma_backend\.venv\Lib\site-packages\django\contrib\sessions\backends\base.py", line 53, in __getitem__
    return self._session[key]
           ^^^^^^^^^^^^^
  File "c:\Users\aliba\Documents\Hesabu\pefoma_backend\.venv\Lib\site-packages\django\contrib\sessions\backends\base.py", line 192, in _get_session
    self._session_cache = self.load()
                          ^^^^^^^^^^^
  File "c:\Users\aliba\Documents\Hesabu\pefoma_backend\.venv\Lib\site-packages\django\contrib\sessions\backends\db.py", line 42, in load
    s = self._get_session_from_db()
        ^^^^^^^^^^^^^^^^^^^^^^^^^^^
  File "c:\Users\aliba\Documents\Hesabu\pefoma_backend\.venv\Lib\site-packages\django\contrib\sessions\backends\db.py", line 32, in _get_session_from_db
    return self.model.objects.get(
           ^^^^^^^^^^^^^^^^^^^^^^^
  File "c:\Users\aliba\Documents\Hesabu\pefoma_backend\.venv\Lib\site-packages\django\db\models\manager.py", line 87, in manager_method
    return getattr(self.get_queryset(), name)(*args, **kwargs)
           ^^^^^^^^^^^^^^^^^^^^^^^^^^^^^^^^^^^^^^^^^^^^^^^^^^^
  File "c:\Users\aliba\Documents\Hesabu\pefoma_backend\.venv\Lib\site-packages\django\db\models\query.py", line 633, in get
    num = len(clone)
          ^^^^^^^^^^
  File "c:\Users\aliba\Documents\Hesabu\pefoma_backend\.venv\Lib\site-packages\django\db\models\query.py", line 380, in __len__
    self._fetch_all()
  File "c:\Users\aliba\Documents\Hesabu\pefoma_backend\.venv\Lib\site-packages\django\db\models\query.py", line 1881, in _fetch_all
    self._result_cache = list(self._iterable_class(self))
                         ^^^^^^^^^^^^^^^^^^^^^^^^^^^^^^^^
  File "c:\Users\aliba\Documents\Hesabu\pefoma_backend\.venv\Lib\site-packages\django\db\models\query.py", line 91, in __iter__
    results = compiler.execute_sql(
              ^^^^^^^^^^^^^^^^^^^^^
  File "c:\Users\aliba\Documents\Hesabu\pefoma_backend\.venv\Lib\site-packages\django\db\models\sql\compiler.py", line 1560, in execute_sql
    cursor = self.connection.cursor()
             ^^^^^^^^^^^^^^^^^^^^^^^^
  File "c:\Users\aliba\Documents\Hesabu\pefoma_backend\.venv\Lib\site-packages\django\utils\asyncio.py", line 26, in inner
    return func(*args, **kwargs)
           ^^^^^^^^^^^^^^^^^^^^^
  File "c:\Users\aliba\Documents\Hesabu\pefoma_backend\.venv\Lib\site-packages\django\db\backends\base\base.py", line 330, in cursor
    return self._cursor()
           ^^^^^^^^^^^^^^
  File "c:\Users\aliba\Documents\Hesabu\pefoma_backend\.venv\Lib\site-packages\django\db\backends\base\base.py", line 306, in _cursor
    self.ensure_connection()
  File "c:\Users\aliba\Documents\Hesabu\pefoma_backend\.venv\Lib\site-packages\django\utils\asyncio.py", line 26, in inner
    return func(*args, **kwargs)
           ^^^^^^^^^^^^^^^^^^^^^
  File "c:\Users\aliba\Documents\Hesabu\pefoma_backend\.venv\Lib\site-packages\django\db\backends\base\base.py", line 288, in ensure_connection
    with self.wrap_database_errors:
  File "c:\Users\aliba\Documents\Hesabu\pefoma_backend\.venv\Lib\site-packages\django\db\utils.py", line 91, in __exit__
    raise dj_exc_value.with_traceback(traceback) from exc_value
  File "c:\Users\aliba\Documents\Hesabu\pefoma_backend\.venv\Lib\site-packages\django\db\backends\base\base.py", line 289, in ensure_connection
    self.connect()
  File "c:\Users\aliba\Documents\Hesabu\pefoma_backend\.venv\Lib\site-packages\django\utils\asyncio.py", line 26, in inner
    return func(*args, **kwargs)
           ^^^^^^^^^^^^^^^^^^^^^
  File "c:\Users\aliba\Documents\Hesabu\pefoma_backend\.venv\Lib\site-packages\django\db\backends\base\base.py", line 270, in connect
    self.connection = self.get_new_connection(conn_params)
                      ^^^^^^^^^^^^^^^^^^^^^^^^^^^^^^^^^^^^
  File "c:\Users\aliba\Documents\Hesabu\pefoma_backend\.venv\Lib\site-packages\django\utils\asyncio.py", line 26, in inner
    return func(*args, **kwargs)
           ^^^^^^^^^^^^^^^^^^^^^
  File "c:\Users\aliba\Documents\Hesabu\pefoma_backend\.venv\Lib\site-packages\django\db\backends\postgresql\base.py", line 275, in get_new_connection
    connection = self.Database.connect(**conn_params)
                 ^^^^^^^^^^^^^^^^^^^^^^^^^^^^^^^^^^^^
  File "c:\Users\aliba\Documents\Hesabu\pefoma_backend\.venv\Lib\site-packages\psycopg2\__init__.py", line 122, in connect
    conn = _connect(dsn, connection_factory=connection_factory, **kwasync)
           ^^^^^^^^^^^^^^^^^^^^^^^^^^^^^^^^^^^^^^^^^^^^^^^^^^^^^^^^^^^^^^^
django.db.utils.OperationalError: connection to server at "aws-1-eu-north-1.pooler.supabase.com" (51.21.18.29), port 5432 failed: Connection timed out (0x0000274C/10060)
	Is the server running on that host and accepting TCP/IP connections?
connection to server at "aws-1-eu-north-1.pooler.supabase.com" (13.60.102.132), port 5432 failed: Connection timed out (0x0000274C/10060)
	Is the server running on that host and accepting TCP/IP connections?

"GET /admin/users/profile/ HTTP/1.1" 500 246863
Not Found: /favicon.ico
"GET /favicon.ico HTTP/1.1" 404 2561
"GET /admin/ HTTP/1.1" 200 6240
Not Found: /favicon.ico
"GET /favicon.ico HTTP/1.1" 404 2561
"GET /admin/auth/group/ HTTP/1.1" 200 7805
Not Found: /favicon.ico
"GET /favicon.ico HTTP/1.1" 404 2561
"GET /admin/jsi18n/ HTTP/1.1" 200 3343
"GET /admin/auth/group/add/ HTTP/1.1" 200 11301
Not Found: /favicon.ico
"GET /favicon.ico HTTP/1.1" 404 2561
"GET /static/admin/css/forms.css HTTP/1.1" 200 9047
"GET /static/admin/js/SelectBox.js HTTP/1.1" 200 4530
"GET /static/admin/css/widgets.css HTTP/1.1" 200 11900
"GET /static/admin/js/prepopulate_init.js HTTP/1.1" 200 586
"GET /static/admin/js/SelectFilter2.js HTTP/1.1" 200 15292
"GET /static/admin/js/change_form.js HTTP/1.1" 200 606
"GET /admin/jsi18n/ HTTP/1.1" 200 3343
"GET /static/admin/img/icon-unknown-alt.svg HTTP/1.1" 200 655
"GET /static/admin/img/selector-icons.svg HTTP/1.1" 200 3291
"GET /static/admin/img/icon-unknown.svg HTTP/1.1" 200 655
"GET /admin/users/profile/ HTTP/1.1" 200 11783
Not Found: /favicon.ico
"GET /favicon.ico HTTP/1.1" 404 2561
"GET /admin/jsi18n/ HTTP/1.1" 200 3343
"GET /admin/users/profile/add/ HTTP/1.1" 200 24671
Not Found: /favicon.ico
"GET /favicon.ico HTTP/1.1" 404 2561
"GET /static/admin/js/admin/DateTimeShortcuts.js HTTP/1.1" 200 19319
"GET /static/admin/js/calendar.js HTTP/1.1" 200 8466
"GET /admin/jsi18n/ HTTP/1.1" 200 3343
"GET /static/admin/img/icon-clock.svg HTTP/1.1" 200 677
"GET /static/admin/img/icon-calendar.svg HTTP/1.1" 200 1086
"GET /admin/users/profile/ HTTP/1.1" 200 11783
Not Found: /favicon.ico
"GET /favicon.ico HTTP/1.1" 404 2561
"GET /admin/jsi18n/ HTTP/1.1" 200 3343
Watching for file changes with StatReloader
"GET /swagger HTTP/1.1" 301 0
"GET /swagger/ HTTP/1.1" 200 2209
"GET /static/drf-yasg/style.css HTTP/1.1" 200 1047
"GET /static/drf-yasg/swagger-ui-init.js HTTP/1.1" 200 15480
"GET /static/drf-yasg/swagger-ui-dist/swagger-ui.css HTTP/1.1" 200 145206
"GET /static/drf-yasg/insQ.min.js HTTP/1.1" 200 2093
"GET /static/drf-yasg/swagger-ui-dist/swagger-ui-bundle.js HTTP/1.1" 200 1046583
"GET /static/drf-yasg/immutable.min.js HTTP/1.1" 200 56904
"GET /static/drf-yasg/swagger-ui-dist/swagger-ui-standalone-preset.js HTTP/1.1" 200 322863
"GET /swagger/?format=openapi HTTP/1.1" 200 7097
"GET /static/drf-yasg/swagger-ui-dist/favicon-32x32.png HTTP/1.1" 200 628
Not Found: /favicon.ico
"GET /favicon.ico HTTP/1.1" 404 2982
"GET /static/drf-yasg/swagger-ui-dist/favicon-32x32.png HTTP/1.1" 200 628
"GET /static/drf-yasg/swagger-ui-dist/favicon-32x32.png HTTP/1.1" 200 628
"GET /static/drf-yasg/swagger-ui-dist/favicon-32x32.png HTTP/1.1" 200 628
Not Found: /favicon.ico
"GET /favicon.ico HTTP/1.1" 404 2982
Not Found: /favicon.ico
"GET /favicon.ico HTTP/1.1" 404 2982
Unauthorized: /api/v1/test/
"GET /api/v1/test/ HTTP/1.1" 401 58
Unauthorized: /api/v1/test/
"GET /api/v1/test/ HTTP/1.1" 401 58
"GET /api/ HTTP/1.1" 200 595
Service Unavailable: /api/v1/auth/health/
"GET /api/v1/auth/health/ HTTP/1.1" 503 285
Service Unavailable: /api/v1/auth/health/
"GET /api/v1/auth/health/ HTTP/1.1" 503 285
Service Unavailable: /auth/health/
"GET /auth/health/ HTTP/1.1" 503 285
C:\Users\aliba\Documents\Hesabu\pefoma_backend\pefoma_backend\settings.py changed, reloading.
Watching for file changes with StatReloader
Service Unavailable: /auth/health/
"GET /auth/health/ HTTP/1.1" 503 285
Service Unavailable: /auth/health/
"GET /auth/health/ HTTP/1.1" 503 285
Service Unavailable: /auth/health/
"GET /auth/health/ HTTP/1.1" 503 285
"GET /swagger/ HTTP/1.1" 200 2209
"GET /static/drf-yasg/style.css HTTP/1.1" 304 0
"GET /static/drf-yasg/swagger-ui-dist/swagger-ui.css HTTP/1.1" 304 0
"GET /static/drf-yasg/swagger-ui-dist/swagger-ui-bundle.js HTTP/1.1" 304 0
"GET /static/drf-yasg/swagger-ui-dist/swagger-ui-standalone-preset.js HTTP/1.1" 304 0
"GET /static/drf-yasg/immutable.min.js HTTP/1.1" 304 0
"GET /static/drf-yasg/insQ.min.js HTTP/1.1" 304 0
"GET /static/drf-yasg/swagger-ui-init.js HTTP/1.1" 304 0
"GET /swagger/?format=openapi HTTP/1.1" 200 7097
"GET /static/drf-yasg/swagger-ui-dist/favicon-32x32.png HTTP/1.1" 304 0
Not Found: /favicon.ico
Not Found: /favicon.ico
"GET /favicon.ico HTTP/1.1" 404 2982
"GET /favicon.ico HTTP/1.1" 404 2982
Not Found: /favicon.ico
"GET /favicon.ico HTTP/1.1" 404 2982
Service Unavailable: /auth/health/
"GET /auth/health/ HTTP/1.1" 503 285
Watching for file changes with StatReloader
"GET /swagger/ HTTP/1.1" 200 2209
"GET /static/drf-yasg/style.css HTTP/1.1" 304 0
"GET /static/drf-yasg/swagger-ui-dist/swagger-ui.css HTTP/1.1" 304 0
"GET /static/drf-yasg/swagger-ui-dist/swagger-ui-bundle.js HTTP/1.1" 304 0
"GET /static/drf-yasg/swagger-ui-dist/swagger-ui-standalone-preset.js HTTP/1.1" 304 0
"GET /static/drf-yasg/insQ.min.js HTTP/1.1" 304 0
"GET /static/drf-yasg/immutable.min.js HTTP/1.1" 304 0
"GET /static/drf-yasg/swagger-ui-init.js HTTP/1.1" 304 0
"GET /swagger/?format=openapi HTTP/1.1" 200 7097
"GET /static/drf-yasg/swagger-ui-dist/favicon-32x32.png HTTP/1.1" 304 0
Not Found: /favicon.ico
Not Found: /favicon.ico
"GET /favicon.ico HTTP/1.1" 404 2982
"GET /favicon.ico HTTP/1.1" 404 2982
Not Found: /favicon.ico
"GET /favicon.ico HTTP/1.1" 404 2982
Service Unavailable: /auth/health/
"GET /auth/health/ HTTP/1.1" 503 285
Watching for file changes with StatReloader
"GET /swagger/ HTTP/1.1" 200 2209
"GET /static/drf-yasg/style.css HTTP/1.1" 304 0
"GET /static/drf-yasg/swagger-ui-dist/swagger-ui.css HTTP/1.1" 304 0
"GET /static/drf-yasg/swagger-ui-dist/swagger-ui-bundle.js HTTP/1.1" 304 0
"GET /static/drf-yasg/swagger-ui-dist/swagger-ui-standalone-preset.js HTTP/1.1" 304 0
"GET /static/drf-yasg/insQ.min.js HTTP/1.1" 304 0
"GET /static/drf-yasg/immutable.min.js HTTP/1.1" 304 0
"GET /static/drf-yasg/swagger-ui-init.js HTTP/1.1" 304 0
"GET /swagger/?format=openapi HTTP/1.1" 200 7097
"GET /static/drf-yasg/swagger-ui-dist/favicon-32x32.png HTTP/1.1" 304 0
Not Found: /favicon.ico
Not Found: /favicon.ico
"GET /favicon.ico HTTP/1.1" 404 2982
"GET /favicon.ico HTTP/1.1" 404 2982
Not Found: /favicon.ico
"GET /favicon.ico HTTP/1.1" 404 2982
Service Unavailable: /auth/health/
"GET /auth/health/ HTTP/1.1" 503 250
Watching for file changes with StatReloader
"GET /swagger/ HTTP/1.1" 200 2209
"GET /swagger/?format=openapi HTTP/1.1" 200 7097
Not Found: /favicon.ico
"GET /favicon.ico HTTP/1.1" 404 2982
Not Found: /favicon.ico
"GET /favicon.ico HTTP/1.1" 404 2982
Not Found: /favicon.ico
"GET /favicon.ico HTTP/1.1" 404 2982
"GET /auth/health/ HTTP/1.1" 200 162
Bad Request: /auth/signup/
"POST /auth/signup/ HTTP/1.1" 400 404
"GET /admin/ HTTP/1.1" 200 6240
Not Found: /favicon.ico
Not Found: /favicon.ico
"GET /favicon.ico HTTP/1.1" 404 2982
"GET /favicon.ico HTTP/1.1" 404 2982
"GET /admin/auth/user/ HTTP/1.1" 200 11034
Not Found: /favicon.ico
Not Found: /favicon.ico
"GET /favicon.ico HTTP/1.1" 404 2982
"GET /favicon.ico HTTP/1.1" 404 2982
"GET /admin/jsi18n/ HTTP/1.1" 200 3343
"GET /health/ HTTP/1.1" 200 70
HTTP Request: POST https://jgifsfiyhkackzkjsnsq.supabase.co/auth/v1/signup "HTTP/1.1 200 OK"
Successfully created user: alibalogun996@gmail.com
Created profile for user 921f22e0-b5e1-4311-a991-c10d3337e821
"POST /auth/signup/ HTTP/1.1" 201 234
Watching for file changes with StatReloader
HTTP Request: POST https://jgifsfiyhkackzkjsnsq.supabase.co/auth/v1/signup "HTTP/1.1 200 OK"
Successfully created user: alibalogun99@gmail.com
Created profile for user 4b1f911f-3d88-409a-881c-756f5384b435
"POST /auth/signup/ HTTP/1.1" 201 231
HTTP Request: POST https://jgifsfiyhkackzkjsnsq.supabase.co/auth/v1/signup "HTTP/1.1 200 OK"
Successfully created user: alibalogun669@gmail.com
Created profile for user c4bd4050-0ebf-4bd6-a70f-e0d27859745e
"POST /auth/signup/ HTTP/1.1" 201 231
Not Found: /api/v1/auth/resend-otp/
"POST /api/v1/auth/resend-otp/ HTTP/1.1" 404 5783
Not Found: /auth/resend-otp/
"POST /auth/resend-otp/ HTTP/1.1" 404 4349
C:\Users\aliba\Documents\Hesabu\pefoma_backend\auth_integration\urls.py changed, reloading.
Watching for file changes with StatReloader
Not Found: /auth/resend-otp/
"POST /auth/resend-otp/ HTTP/1.1" 404 4349
Watching for file changes with StatReloader
Bad Request: /auth/resend-otp/
"POST /auth/resend-otp/ HTTP/1.1" 400 83
Not Found: /auth/resend-otp/
"POST /auth/resend-otp/ HTTP/1.1" 404 96
Not Found: /auth/resend-otp/
"POST /auth/resend-otp/ HTTP/1.1" 404 96
HTTP Request: POST https://jgifsfiyhkackzkjsnsq.supabase.co/auth/v1/signup "HTTP/1.1 200 OK"
Successfully created user: alibalogun669@gmail.com
Failed to create profile for user eb0ce5e0-3cec-400f-9b1b-ea5816fe44d1: duplicate key value violates unique constraint "profiles_email_key"
DETAIL:  Key (email)=(alibalogun669@gmail.com) already exists.

"POST /auth/signup/ HTTP/1.1" 201 231
Invalid JWT token: Signature verification failed
Unauthorized: /auth/profile/
"GET /auth/profile/ HTTP/1.1" 401 58
Watching for file changes with StatReloader
HTTP Request: POST https://jgifsfiyhkackzkjsnsq.supabase.co/auth/v1/signup "HTTP/1.1 200 OK"
Successfully created user: ali.balogun@escapetech.net
Created profile for user 062fa5f3-f306-4f88-bf19-f1206790c965
"POST /auth/signup/ HTTP/1.1" 201 234
HTTP Request: POST https://jgifsfiyhkackzkjsnsq.supabase.co/auth/v1/signup "HTTP/1.1 429 Too Many Requests"
Error creating user ali.balogun@escapetech.net: For security purposes, you can only request this after 39 seconds.
Bad Request: /auth/signup/
"POST /auth/signup/ HTTP/1.1" 400 82
HTTP Request: POST https://jgifsfiyhkackzkjsnsq.supabase.co/auth/v1/signup "HTTP/1.1 200 OK"
Successfully created user: ali.balogun@escapetech.net
Failed to create profile for user 062fa5f3-f306-4f88-bf19-f1206790c965: duplicate key value violates unique constraint "profiles_pkey"
DETAIL:  Key (id)=(062fa5f3-f306-4f88-bf19-f1206790c965) already exists.

"POST /auth/signup/ HTTP/1.1" 201 238
INFO 2025-09-24 13:18:39,721 autoreload 46508 50400 Watching for file changes with StatReloader
INFO 2025-09-24 13:19:08,849 _client 46508 47844 HTTP Request: POST https://jgifsfiyhkackzkjsnsq.supabase.co/auth/v1/signup "HTTP/1.1 200 OK"
INFO 2025-09-24 13:19:10,095 basehttp 46508 47844 "POST /auth/signup/ HTTP/1.1" 201 238
INFO 2025-09-24 13:22:51,360 autoreload 46508 50400 C:\Users\aliba\Documents\Hesabu\pefoma_backend\pefoma_backend\settings.py changed, reloading.
INFO 2025-09-24 13:22:53,299 autoreload 26048 32980 Watching for file changes with StatReloader
INFO 2025-09-24 13:27:06,792 _client 26048 23004 HTTP Request: POST https://jgifsfiyhkackzkjsnsq.supabase.co/auth/v1/token?grant_type=password "HTTP/1.1 200 OK"
INFO 2025-09-24 13:27:09,674 _client 26048 23004 HTTP Request: POST https://jgifsfiyhkackzkjsnsq.supabase.co/rest/v1/rpc/update_last_login "HTTP/1.1 204 No Content"
INFO 2025-09-24 13:27:09,691 basehttp 26048 23004 "POST /auth/login/ HTTP/1.1" 200 1698
INFO 2025-09-24 13:30:01,581 autoreload 26048 32980 C:\Users\aliba\Documents\Hesabu\pefoma_backend\pefoma_backend\settings.py changed, reloading.
INFO 2025-09-24 16:06:49,887 autoreload 52068 39360 Watching for file changes with StatReloader
ERROR 2025-09-24 16:15:05,095 log 52068 11464 Internal Server Error: /auth/signup/
ERROR 2025-09-24 16:15:05,098 basehttp 52068 11464 "POST /auth/signup/ HTTP/1.1" 500 103
INFO 2025-09-24 16:20:12,990 autoreload 52068 39360 C:\Users\aliba\Documents\Hesabu\pefoma_backend\auth_integration\supabase_client.py changed, reloading.
INFO 2025-09-24 16:20:15,318 autoreload 51424 40596 Watching for file changes with StatReloader
INFO 2025-09-24 16:20:23,423 autoreload 51424 40596 C:\Users\aliba\Documents\Hesabu\pefoma_backend\auth_integration\supabase_client.py changed, reloading.
INFO 2025-09-24 16:20:25,377 autoreload 23980 24592 Watching for file changes with StatReloader
INFO 2025-09-24 16:20:35,375 autoreload 23980 24592 C:\Users\aliba\Documents\Hesabu\pefoma_backend\auth_integration\supabase_client.py changed, reloading.
INFO 2025-09-24 16:20:37,354 autoreload 52136 29376 Watching for file changes with StatReloader
INFO 2025-09-24 16:21:02,491 autoreload 52136 29376 C:\Users\aliba\Documents\Hesabu\pefoma_backend\auth_integration\supabase_client.py changed, reloading.
INFO 2025-09-24 16:21:04,327 autoreload 31972 31388 Watching for file changes with StatReloader
INFO 2025-09-24 16:21:13,091 autoreload 51184 28668 Watching for file changes with StatReloader
INFO 2025-09-24 16:25:29,004 _client 51184 49952 HTTP Request: POST https://jgifsfiyhkackzkjsnsq.supabase.co/auth/v1/admin/users "HTTP/1.1 422 Unprocessable Entity"
WARNING 2025-09-24 16:25:29,017 log 51184 49952 Bad Request: /auth/signup/
WARNING 2025-09-24 16:25:29,020 basehttp 51184 49952 "POST /auth/signup/ HTTP/1.1" 400 82
INFO 2025-09-24 16:29:33,451 _client 51184 47596 HTTP Request: POST https://jgifsfiyhkackzkjsnsq.supabase.co/auth/v1/admin/users "HTTP/1.1 200 OK"
INFO 2025-09-24 16:29:36,495 _client 51184 47596 HTTP Request: POST https://jgifsfiyhkackzkjsnsq.supabase.co/rest/v1/rpc/generate_otp "HTTP/1.1 200 OK"
INFO 2025-09-24 16:29:37,967 basehttp 51184 47596 "POST /auth/signup/ HTTP/1.1" 201 297
INFO 2025-09-24 16:39:13,462 _client 51184 11380 HTTP Request: POST https://jgifsfiyhkackzkjsnsq.supabase.co/auth/v1/admin/users "HTTP/1.1 200 OK"
INFO 2025-09-24 16:39:16,251 _client 51184 11380 HTTP Request: POST https://jgifsfiyhkackzkjsnsq.supabase.co/rest/v1/rpc/generate_otp "HTTP/1.1 200 OK"
INFO 2025-09-24 16:39:17,683 basehttp 51184 11380 "POST /auth/signup/ HTTP/1.1" 201 294
INFO 2025-09-24 16:41:39,633 autoreload 51184 28668 C:\Users\aliba\Documents\Hesabu\pefoma_backend\auth_integration\supabase_client.py changed, reloading.
INFO 2025-09-24 16:41:41,787 autoreload 40852 36380 Watching for file changes with StatReloader
INFO 2025-09-24 16:41:46,781 autoreload 40852 36380 C:\Users\aliba\Documents\Hesabu\pefoma_backend\auth_integration\supabase_client.py changed, reloading.
INFO 2025-09-24 16:41:48,643 autoreload 25760 51640 Watching for file changes with StatReloader
INFO 2025-09-24 17:30:34,678 autoreload 51648 47580 Watching for file changes with StatReloader
INFO 2025-09-24 18:17:16,185 basehttp 51648 30200 "OPTIONS /auth/signup/ HTTP/1.1" 200 0
INFO 2025-09-24 18:17:22,117 _client 51648 30200 HTTP Request: POST https://jgifsfiyhkackzkjsnsq.supabase.co/auth/v1/signup "HTTP/1.1 200 OK"
INFO 2025-09-24 18:17:23,664 basehttp 51648 30200 "POST /auth/signup/ HTTP/1.1" 201 232
INFO 2025-09-24 18:18:24,078 basehttp 51648 30200 "OPTIONS /auth/login/ HTTP/1.1" 200 0
INFO 2025-09-24 18:18:28,151 _client 51648 30200 HTTP Request: POST https://jgifsfiyhkackzkjsnsq.supabase.co/auth/v1/token?grant_type=password "HTTP/1.1 400 Bad Request"
WARNING 2025-09-24 18:18:28,157 log 51648 30200 Unauthorized: /auth/login/
WARNING 2025-09-24 18:18:28,160 basehttp 51648 30200 "POST /auth/login/ HTTP/1.1" 401 85
INFO 2025-09-24 18:25:32,066 basehttp 51648 42792 "OPTIONS /auth/forgot-password/ HTTP/1.1" 200 0
INFO 2025-09-24 18:25:37,951 _client 51648 42792 HTTP Request: POST https://jgifsfiyhkackzkjsnsq.supabase.co/auth/v1/recover "HTTP/1.1 200 OK"
INFO 2025-09-24 18:25:37,959 basehttp 51648 42792 "POST /auth/forgot-password/ HTTP/1.1" 200 110
INFO 2025-09-24 18:42:11,622 autoreload 51648 47580 C:\Users\aliba\Documents\Hesabu\pefoma_backend\auth_integration\views.py changed, reloading.
INFO 2025-09-24 18:42:13,817 autoreload 52320 43704 Watching for file changes with StatReloader
INFO 2025-09-24 18:42:54,524 autoreload 52320 43704 C:\Users\aliba\Documents\Hesabu\pefoma_backend\auth_integration\views.py changed, reloading.
INFO 2025-09-24 18:42:56,617 autoreload 35312 47684 Watching for file changes with StatReloader
INFO 2025-09-24 18:43:42,054 autoreload 35312 47684 C:\Users\aliba\Documents\Hesabu\pefoma_backend\auth_integration\urls.py changed, reloading.
INFO 2025-09-24 18:43:43,731 autoreload 35736 36536 Watching for file changes with StatReloader
INFO 2025-09-24 18:44:40,232 autoreload 35736 36536 C:\Users\aliba\Documents\Hesabu\pefoma_backend\auth_integration\views.py changed, reloading.
INFO 2025-09-24 18:44:41,960 autoreload 1736 23556 Watching for file changes with StatReloader
INFO 2025-09-24 18:44:54,712 autoreload 1736 23556 C:\Users\aliba\Documents\Hesabu\pefoma_backend\auth_integration\views.py changed, reloading.
INFO 2025-09-24 18:44:56,363 autoreload 51340 41276 Watching for file changes with StatReloader
INFO 2025-09-24 18:53:37,580 autoreload 51340 41276 C:\Users\aliba\Documents\Hesabu\pefoma_backend\auth_integration\urls.py changed, reloading.
INFO 2025-09-24 18:53:39,352 autoreload 18740 38088 Watching for file changes with StatReloader
INFO 2025-09-24 18:53:50,495 autoreload 18740 38088 C:\Users\aliba\Documents\Hesabu\pefoma_backend\auth_integration\urls.py changed, reloading.
INFO 2025-09-24 18:53:52,145 autoreload 51720 47472 Watching for file changes with StatReloader
INFO 2025-09-24 18:54:00,315 autoreload 51720 47472 C:\Users\aliba\Documents\Hesabu\pefoma_backend\auth_integration\urls.py changed, reloading.
INFO 2025-09-24 18:54:01,967 autoreload 14904 38956 Watching for file changes with StatReloader
INFO 2025-09-24 18:54:07,965 autoreload 14904 38956 C:\Users\aliba\Documents\Hesabu\pefoma_backend\auth_integration\urls.py changed, reloading.
INFO 2025-09-24 18:54:09,617 autoreload 42332 46532 Watching for file changes with StatReloader
INFO 2025-09-24 18:54:20,363 autoreload 28848 51932 Watching for file changes with StatReloader
WARNING 2025-09-24 20:05:08,858 log 28848 52664 Bad Request: /auth/users/delete/
WARNING 2025-09-24 20:05:08,865 basehttp 28848 52664 "DELETE /auth/users/delete/?userId=062fa5f3-f306-4f88-bf19-f1206790c965 HTTP/1.1" 400 106
INFO 2025-09-24 21:09:03,072 basehttp 28848 44004 "DELETE /auth/users/delete/decb9875-4283-4f88-991a-a519ade54bb3 HTTP/1.1" 301 0
WARNING 2025-09-24 21:09:03,087 log 28848 6984 Method Not Allowed: /auth/users/delete/decb9875-4283-4f88-991a-a519ade54bb3/
WARNING 2025-09-24 21:09:03,090 basehttp 28848 6984 "GET /auth/users/delete/decb9875-4283-4f88-991a-a519ade54bb3/ HTTP/1.1" 405 40
INFO 2025-09-24 21:13:22,899 _client 28848 23536 HTTP Request: DELETE https://jgifsfiyhkackzkjsnsq.supabase.co/auth/v1/admin/users/4c236c2e-3302-4c5d-97a1-7130b1e62d70 "HTTP/1.1 200 OK"
INFO 2025-09-24 21:13:23,083 basehttp 28848 23536 "DELETE /auth/users/delete/ HTTP/1.1" 200 155
INFO 2025-09-24 21:14:01,502 _client 28848 23536 HTTP Request: DELETE https://jgifsfiyhkackzkjsnsq.supabase.co/auth/v1/admin/users/decb9875-4283-4f88-991a-a519ade54bb3 "HTTP/1.1 200 OK"
INFO 2025-09-24 21:14:01,835 basehttp 28848 23536 "DELETE /auth/users/delete/ HTTP/1.1" 200 151
INFO 2025-09-24 21:14:56,691 _client 28848 23536 HTTP Request: DELETE https://jgifsfiyhkackzkjsnsq.supabase.co/auth/v1/admin/users/062fa5f3-f306-4f88-bf19-f1206790c965 "HTTP/1.1 200 OK"
INFO 2025-09-24 21:14:56,868 basehttp 28848 23536 "DELETE /auth/users/delete/ HTTP/1.1" 200 159
INFO 2025-09-24 21:15:18,851 _client 28848 23536 HTTP Request: DELETE https://jgifsfiyhkackzkjsnsq.supabase.co/auth/v1/admin/users/c4bd4050-0ebf-4bd6-a70f-e0d27859745e "HTTP/1.1 200 OK"
INFO 2025-09-24 21:15:19,034 basehttp 28848 23536 "DELETE /auth/users/delete/ HTTP/1.1" 200 156
INFO 2025-09-24 21:15:36,107 _client 28848 23536 HTTP Request: DELETE https://jgifsfiyhkackzkjsnsq.supabase.co/auth/v1/admin/users/4b1f911f-3d88-409a-881c-756f5384b435 "HTTP/1.1 200 OK"
INFO 2025-09-24 21:15:36,282 basehttp 28848 23536 "DELETE /auth/users/delete/ HTTP/1.1" 200 155
INFO 2025-09-26 18:42:08,803 microsoft_graph_email 33808 51972 Acquiring new Microsoft Graph token
INFO 2025-09-26 18:42:10,653 microsoft_graph_email 33808 51972 Microsoft Graph token acquired, cached for 3299 seconds
ERROR 2025-09-26 18:42:12,695 microsoft_graph_email 33808 51972 Connection test failed: 403 - {"error":{"code":"Authorization_RequestDenied","message":"Insufficient privileges to complete the operation.","innerError":{"date":"2025-09-26T17:42:12","request-id":"f8624d85-91e2-41f3-b0fc-c984206600dd","client-request-id":"f8624d85-91e2-41f3-b0fc-c984206600dd"}}}
INFO 2025-09-26 23:36:23,754 microsoft_graph_email_fixed 35128 42488 Acquiring new Microsoft Graph token
INFO 2025-09-26 23:36:26,287 microsoft_graph_email_fixed 35128 42488 Microsoft Graph token acquired successfully
INFO 2025-09-29 11:17:33,974 autoreload 17392 51508 Watching for file changes with StatReloader
INFO 2025-09-29 11:17:36,953 simple_email_service 17392 51508 Microsoft Graph email provider initialized
INFO 2025-09-29 11:18:20,210 basehttp 17392 21464 "GET /health/ HTTP/1.1" 200 70
INFO 2025-09-29 11:22:35,289 basehttp 17392 15292 "OPTIONS /auth/signup/ HTTP/1.1" 200 0
INFO 2025-09-29 11:22:41,209 _client 17392 15292 HTTP Request: POST https://jgifsfiyhkackzkjsnsq.supabase.co/auth/v1/signup "HTTP/1.1 200 OK"
INFO 2025-09-29 11:22:49,130 _client 17392 15292 HTTP Request: POST https://jgifsfiyhkackzkjsnsq.supabase.co/rest/v1/rpc/generate_otp "HTTP/1.1 200 OK"
WARNING 2025-09-29 11:22:49,145 simple_email_service 17392 15292 Provider doesn't support send_otp, using fallback
INFO 2025-09-29 11:22:49,153 basehttp 17392 15292 "POST /auth/signup/ HTTP/1.1" 201 256
INFO 2025-09-29 11:24:33,486 basehttp 17392 15292 "OPTIONS /auth/login/ HTTP/1.1" 200 0
INFO 2025-09-29 11:24:35,866 _client 17392 15292 HTTP Request: POST https://jgifsfiyhkackzkjsnsq.supabase.co/auth/v1/token?grant_type=password "HTTP/1.1 200 OK"
INFO 2025-09-29 11:24:37,345 _client 17392 15292 HTTP Request: POST https://jgifsfiyhkackzkjsnsq.supabase.co/rest/v1/rpc/update_last_login "HTTP/1.1 204 No Content"
INFO 2025-09-29 11:24:37,352 basehttp 17392 15292 "POST /auth/login/ HTTP/1.1" 200 1691
INFO 2025-09-29 11:24:37,370 basehttp 17392 15292 "OPTIONS /auth/profile/ HTTP/1.1" 200 0
WARNING 2025-09-29 11:24:37,382 log 17392 15292 Forbidden: /auth/profile/
WARNING 2025-09-29 11:24:37,385 basehttp 17392 15292 "GET /auth/profile/ HTTP/1.1" 403 132
INFO 2025-09-29 11:28:14,036 autoreload 34944 26844 Watching for file changes with StatReloader
INFO 2025-09-29 11:28:15,416 simple_email_service 34944 26844 Microsoft Graph email provider initialized
INFO 2025-09-29 11:29:33,603 _client 34944 51792 HTTP Request: POST https://jgifsfiyhkackzkjsnsq.supabase.co/auth/v1/signup "HTTP/1.1 200 OK"
INFO 2025-09-29 11:29:40,843 _client 34944 51792 HTTP Request: POST https://jgifsfiyhkackzkjsnsq.supabase.co/rest/v1/rpc/generate_otp "HTTP/1.1 200 OK"
WARNING 2025-09-29 11:29:40,854 simple_email_service 34944 51792 Provider doesn't support send_otp, using fallback
INFO 2025-09-29 11:29:40,861 basehttp 34944 51792 "POST /auth/signup/ HTTP/1.1" 201 256
INFO 2025-09-29 11:30:37,141 basehttp 34944 51792 "OPTIONS /auth/logout/ HTTP/1.1" 200 0
WARNING 2025-09-29 11:30:37,166 log 34944 51792 Forbidden: /auth/logout/
WARNING 2025-09-29 11:30:37,169 basehttp 34944 51792 "POST /auth/logout/ HTTP/1.1" 403 132
INFO 2025-09-29 11:30:46,863 _client 34944 51792 HTTP Request: POST https://jgifsfiyhkackzkjsnsq.supabase.co/auth/v1/token?grant_type=password "HTTP/1.1 400 Bad Request"
WARNING 2025-09-29 11:30:46,867 log 34944 51792 Unauthorized: /auth/login/
WARNING 2025-09-29 11:30:46,869 basehttp 34944 51792 "POST /auth/login/ HTTP/1.1" 401 85
INFO 2025-09-29 11:31:20,041 _client 34944 51792 HTTP Request: POST https://jgifsfiyhkackzkjsnsq.supabase.co/auth/v1/token?grant_type=password "HTTP/1.1 200 OK"
INFO 2025-09-29 11:31:22,647 _client 34944 51792 HTTP Request: POST https://jgifsfiyhkackzkjsnsq.supabase.co/rest/v1/rpc/update_last_login "HTTP/1.1 204 No Content"
INFO 2025-09-29 11:31:22,660 basehttp 34944 51792 "POST /auth/login/ HTTP/1.1" 200 1691
WARNING 2025-09-29 11:31:22,679 log 34944 51792 Forbidden: /auth/profile/
WARNING 2025-09-29 11:31:22,683 basehttp 34944 51792 "GET /auth/profile/ HTTP/1.1" 403 132
INFO 2025-09-29 11:32:40,935 _client 34944 51792 HTTP Request: POST https://jgifsfiyhkackzkjsnsq.supabase.co/auth/v1/token?grant_type=password "HTTP/1.1 200 OK"
INFO 2025-09-29 11:32:43,193 _client 34944 51792 HTTP Request: POST https://jgifsfiyhkackzkjsnsq.supabase.co/rest/v1/rpc/update_last_login "HTTP/1.1 204 No Content"
INFO 2025-09-29 11:32:43,210 basehttp 34944 51792 "POST /auth/login/ HTTP/1.1" 200 1691
WARNING 2025-09-29 11:32:43,231 log 34944 51792 Forbidden: /auth/profile/
WARNING 2025-09-29 11:32:43,236 basehttp 34944 51792 "GET /auth/profile/ HTTP/1.1" 403 132
